[2015-01-05 22:17:44] __rvm_with
__rvm_with () 
{ 
    ( unset rvm_rvmrc_flag;
    export rvm_create_flag=1;
    export rvm_delete_flag=0;
    export rvm_internal_use_flag=1;
    export rvm_use_flag=0;
    __rvm_use "$1" || return $?;
    shift;
    "$@" || return $? )
}
current path: /user/hongs
GEM_HOME=/user/hongs/.rvm/gems/ruby-1.9.3-p545
PATH=/user/hongs/.rvm/gems/ruby-1.9.3-p545/bin:/user/hongs/.rvm/gems/ruby-1.9.3-p545@global/bin:/user/hongs/.rvm/rubies/ruby-1.9.3-p545/bin:/usr/kerberos/bin:/usr/local/bin:/bin:/usr/bin:/user/hongs/bin:/user/hongs/.rvm/bin
GEM_PATH=/user/hongs/.rvm/gems/ruby-1.9.3-p545:/user/hongs/.rvm/gems/ruby-1.9.3-p545@global
command(3): __rvm_with ruby-1.9.3-p545@global gemset_pristine
[32mRegenerating ruby-1.9.3-p545 wrappers[0m|/-\.
Restoring gems to pristine condition...
executable-hooks-1.3.1 /user/hongs/.rvm/rubies/ruby-1.9.3-p545/lib/ruby/1.9.1/yaml.rb:84:in `<top (required)>':
It seems your ruby installation is missing psych (for YAML output).
To eliminate this warning, please install libyaml and reinstall your ruby.
ERROR:  While executing gem ... (Errno::ENOENT)
    No such file or directory - /user/hongs/.rvm/gems/ruby-1.9.3-p545@global/cache/executable-hooks-1.3.1.gem
gem-wrappers-1.2.4 /user/hongs/.rvm/rubies/ruby-1.9.3-p545/lib/ruby/1.9.1/yaml.rb:84:in `<top (required)>':
It seems your ruby installation is missing psych (for YAML output).
To eliminate this warning, please install libyaml and reinstall your ruby.
ERROR:  While executing gem ... (Errno::ENOENT)
    No such file or directory - /user/hongs/.rvm/gems/ruby-1.9.3-p545@global/cache/gem-wrappers-1.2.4.gem

'gem pristine executable-hooks --version 1.3.1 gem-wrappers --version 1.2.4' failed, you need to fix this gems manually.
