[2015-01-05 22:21:40] alias_delete
alias_delete () 
{ 
    __rvm_log_command "alias_delete" "Deleting alias: ${1:-$alias_name}" alias_delete_execute "${1:-$alias_name}" || return $?
}
current path: /user/hongs
GEM_HOME=/user/hongs/.rvm/gems/ruby-1.9.3-p545
PATH=/user/hongs/.rvm/gems/ruby-1.9.3-p545/bin:/user/hongs/.rvm/gems/ruby-1.9.3-p545@global/bin:/user/hongs/.rvm/rubies/ruby-1.9.3-p545/bin:/usr/kerberos/bin:/usr/local/bin:/bin:/usr/bin:/user/hongs/bin:/user/hongs/.rvm/bin
GEM_PATH=/user/hongs/.rvm/gems/ruby-1.9.3-p545:/user/hongs/.rvm/gems/ruby-1.9.3-p545@global
command(2): alias_delete default
[2015-01-05 22:21:40] alias_delete_execute
alias_delete_execute () 
{ 
    for _path in "$rvm_rubies_path" "$rvm_environments_path" "$rvm_wrappers_path";
    do
        if [[ -L "$_path/$1" ]]; then
            \rm -fv "$_path/$1" || return $?;
        fi;
    done;
    __rvm_db_ "$rvm_path/config/alias" "$1" "delete";
    alias_after_delete_default "$1" || return $?
}
current path: /user/hongs
GEM_HOME=/user/hongs/.rvm/gems/ruby-1.9.3-p545
PATH=/user/hongs/.rvm/gems/ruby-1.9.3-p545/bin:/user/hongs/.rvm/gems/ruby-1.9.3-p545@global/bin:/user/hongs/.rvm/rubies/ruby-1.9.3-p545/bin:/usr/kerberos/bin:/usr/local/bin:/bin:/usr/bin:/user/hongs/bin:/user/hongs/.rvm/bin
GEM_PATH=/user/hongs/.rvm/gems/ruby-1.9.3-p545:/user/hongs/.rvm/gems/ruby-1.9.3-p545@global
command(2): alias_delete_execute default
Deleting alias: default
removed `/user/hongs/.rvm/rubies/default'
removed `/user/hongs/.rvm/environments/default'
removed `/user/hongs/.rvm/wrappers/default'
