[2014-02-27 14:34:04] __rvm_package_extract
__rvm_package_extract () 
{ 
    rvm_debug __rvm_package_extract:$#: "$@";
    typeset __tempdir __path __file __return;
    __return=0;
    __tempdir="$( TMPDIR="${rvm_tmp_path}" mktemp -d -t rvm-tmp.XXXXXXXXX )";
    __rvm_package_extract_run "$1" "$__tempdir" || __return=$?;
    if (( __return == 0 )); then
        for __path in "$__tempdir"/*;
        do
            __file="${__path##*/}";
            if [[ -n "${__file}" && -e "$2/${__file}" ]]; then
                \rm -rf "$2/${__file}" || __return=$?;
            fi;
            \mv -f "${__path}" "$2/" || __return=$?;
        done;
    fi;
    if [[ -n "$__tempdir" ]]; then
        \rm -rf "$__tempdir";
    fi;
    return $__return
}
current path: /user/hongs/.rvm/src
PATH=/usr/kerberos/bin:/usr/local/bin:/bin:/usr/bin:/user/hongs/bin:/user/hongs/.rvm/bin
command(3): __rvm_package_extract /user/hongs/.rvm/archives/ruby-2.1.1.tar.bz2 /user/hongs/.rvm/tmp/rvm_src_7770
