[2014-02-27 14:34:57] __rvm_make
__rvm_make () 
{ 
    \make "$@" || return $?
}
current path: /user/hongs/.rvm/src/ruby-2.1.1
PATH=/usr/kerberos/bin:/usr/local/bin:/bin:/usr/bin:/user/hongs/bin:/user/hongs/.rvm/bin
command(2): __rvm_make -j2
	CC = gcc
	LD = ld
	LDSHARED = gcc -shared
	CFLAGS = -O3 -fno-fast-math -ggdb3 -Wall -Wextra -Wno-unused-parameter -Wno-parentheses -Wno-long-long -Wno-missing-field-initializers -Wunused-variable -Wpointer-arith -Wwrite-strings -Wdeclaration-after-statement -Wimplicit-function-declaration -ansi -std=iso9899:199409  -fPIC 
	XCFLAGS = -D_FORTIFY_SOURCE=2 -fstack-protector -fvisibility=hidden -DRUBY_EXPORT
	CPPFLAGS =   -I. -I.ext/include/x86_64-linux -I./include -I.
	DLDFLAGS = -Wl,-soname,libruby.so.2.1  -fstack-protector  
	SOLIBS = -lpthread -lrt -ldl -lcrypt -lm  
compiling main.c
Using built-in specs.
Target: x86_64-redhat-linux
Configured with: ../configure --prefix=/usr --mandir=/usr/share/man --infodir=/usr/share/info --enable-shared --enable-threads=posix --enable-checking=release --with-system-zlib --enable-__cxa_atexit --disable-libunwind-exceptions --enable-libgcj-multifile --enable-languages=c,c++,objc,obj-c++,java,fortran,ada --enable-java-awt=gtk --disable-dssi --disable-plugin --with-java-home=/usr/lib/jvm/java-1.4.2-gcj-1.4.2.0/jre --with-cpu=generic --host=x86_64-redhat-linux
Thread model: posix
gcc version 4.1.2 20080704 (Red Hat 4.1.2-54)
compiling dmydln.c
compiling miniinit.c
compiling miniprelude.c
copying dummy probes.h
compiling bignum.c
compiling class.c
class.c: In function ‘rewrite_cref_stack’:
class.c:242: warning: dereferencing type-punned pointer will break strict-aliasing rules
class.c: In function ‘clone_method’:
class.c:264: warning: dereferencing type-punned pointer will break strict-aliasing rules
compiling compar.c
compiling complex.c
compiling dir.c
compiling dln_find.c
compiling encoding.c
compiling enum.c
enum.c: In function ‘sort_by_i’:
enum.c:843: warning: dereferencing type-punned pointer will break strict-aliasing rules
enum.c: In function ‘enum_sort_by’:
enum.c:977: warning: dereferencing type-punned pointer will break strict-aliasing rules
compiling enumerator.c
compiling error.c
compiling eval.c
compiling load.c
compiling proc.c
compiling file.c
compiling gc.c
compiling hash.c
compiling inits.c
compiling io.c
compiling marshal.c
compiling math.c
compiling node.c
compiling numeric.c
compiling object.c
compiling pack.c
compiling parse.c
compiling process.c
compiling random.c
compiling range.c
compiling rational.c
compiling re.c
compiling regcomp.c
compiling regenc.c
compiling regerror.c
compiling regexec.c
compiling regparse.c
compiling regsyntax.c
compiling ruby.c
compiling safe.c
compiling signal.c
compiling sprintf.c
compiling st.c
compiling strftime.c
compiling string.c
compiling struct.c
compiling time.c
compiling transcode.c
compiling util.c
compiling variable.c
compiling version.c
compiling compile.c
compiling debug.c
compiling iseq.c
iseq.c: In function ‘set_relation’:
iseq.c:211: warning: dereferencing type-punned pointer will break strict-aliasing rules
iseq.c:218: warning: dereferencing type-punned pointer will break strict-aliasing rules
iseq.c:219: warning: dereferencing type-punned pointer will break strict-aliasing rules
iseq.c:224: warning: dereferencing type-punned pointer will break strict-aliasing rules
iseq.c:230: warning: dereferencing type-punned pointer will break strict-aliasing rules
iseq.c: In function ‘iseq_load’:
iseq.c:540: warning: dereferencing type-punned pointer will break strict-aliasing rules
iseq.c: In function ‘rb_iseq_clone’:
iseq.c:1940: warning: dereferencing type-punned pointer will break strict-aliasing rules
iseq.c:1944: warning: dereferencing type-punned pointer will break strict-aliasing rules
compiling vm.c
In file included from vm.c:79:
vm_insnhelper.c: In function ‘vm_cref_push’:
vm_insnhelper.c:290: warning: dereferencing type-punned pointer will break strict-aliasing rules
vm_insnhelper.c:293: warning: dereferencing type-punned pointer will break strict-aliasing rules
In file included from vm_exec.c:108,
                 from vm.c:81:
insns.def: In function ‘vm_exec_core’:
insns.def:968: warning: dereferencing type-punned pointer will break strict-aliasing rules
In file included from vm.c:84:
vm_eval.c: In function ‘eval_string_with_cref’:
vm_eval.c:1271: warning: dereferencing type-punned pointer will break strict-aliasing rules
vm.c: In function ‘vm_define_method’:
vm.c:2160: warning: dereferencing type-punned pointer will break strict-aliasing rules
compiling vm_dump.c
compiling vm_backtrace.c
compiling vm_trace.c
compiling thread.c
compiling cont.c
compiling ./enc/ascii.c
compiling ./enc/us_ascii.c
compiling ./enc/unicode.c
compiling ./enc/utf_8.c
compiling newline.c
compiling ./missing/strlcpy.c
compiling ./missing/strlcat.c
compiling ./missing/setproctitle.c
compiling addr2line.c
compiling dmyext.c
compiling dln.c
compiling localeinit.c
compiling array.c
linking miniruby
generating encdb.h
rbconfig.rb updated
generating enc.mk
encdb.h unchanged
creating verconf.h
generating prelude.c
making srcs under enc
compiling loadpath.c
make[1]: Entering directory `/user/hongs/.rvm/src/ruby-2.1.1'
make[1]: `srcs'를 위해 할 일이 없습니다
make[1]: Leaving directory `/user/hongs/.rvm/src/ruby-2.1.1'
compiling prelude.c
generating transdb.h
linking static-library libruby-static.a
verifying static-library libruby-static.a
linking shared-library libruby.so.2.1.0
transdb.h unchanged
making enc
making trans
make[1]: Entering directory `/user/hongs/.rvm/src/ruby-2.1.1'
make[1]: Entering directory `/user/hongs/.rvm/src/ruby-2.1.1'
compiling ./enc/trans/transdb.c
compiling ./enc/encdb.c
compiling ./enc/big5.c
compiling ./enc/trans/big5.c
compiling ./enc/cp949.c
compiling ./enc/emacs_mule.c
compiling ./enc/euc_jp.c
compiling ./enc/euc_kr.c
compiling ./enc/euc_tw.c
compiling ./enc/gb2312.c
compiling ./enc/gb18030.c
compiling ./enc/gbk.c
compiling ./enc/iso_8859_1.c
compiling ./enc/iso_8859_2.c
compiling ./enc/iso_8859_3.c
compiling ./enc/iso_8859_4.c
compiling ./enc/iso_8859_5.c
compiling ./enc/iso_8859_6.c
compiling ./enc/iso_8859_7.c
compiling ./enc/iso_8859_8.c
compiling ./enc/iso_8859_9.c
compiling ./enc/iso_8859_10.c
compiling ./enc/iso_8859_11.c
compiling ./enc/iso_8859_13.c
compiling ./enc/trans/chinese.c
compiling ./enc/iso_8859_14.c
compiling ./enc/iso_8859_15.c
compiling ./enc/iso_8859_16.c
compiling ./enc/koi8_r.c
compiling ./enc/koi8_u.c
compiling ./enc/shift_jis.c
compiling ./enc/trans/emoji.c
compiling ./enc/utf_16be.c
compiling ./enc/utf_16le.c
compiling ./enc/trans/emoji_iso2022_kddi.c
compiling ./enc/utf_32be.c
compiling ./enc/utf_32le.c
compiling ./enc/windows_31j.c
compiling ./enc/windows_1251.c
linking encoding encdb.so
linking encoding big5.so
compiling ./enc/trans/emoji_sjis_docomo.c
linking encoding cp949.so
linking encoding emacs_mule.so
linking encoding euc_jp.so
linking encoding euc_kr.so
linking encoding euc_tw.so
linking encoding gb2312.so
linking encoding gb18030.so
linking encoding gbk.so
linking encoding iso_8859_1.so
linking encoding iso_8859_2.so
linking encoding iso_8859_3.so
linking encoding iso_8859_4.so
linking encoding iso_8859_5.so
linking encoding iso_8859_6.so
compiling ./enc/trans/emoji_sjis_kddi.c
linking encoding iso_8859_7.so
linking encoding iso_8859_8.so
linking encoding iso_8859_9.so
linking encoding iso_8859_10.so
linking encoding iso_8859_11.so
linking encoding iso_8859_13.so
linking encoding iso_8859_14.so
linking encoding iso_8859_15.so
linking encoding iso_8859_16.so
linking encoding koi8_r.so
linking encoding koi8_u.so
linking encoding shift_jis.so
linking encoding utf_16be.so
linking encoding utf_16le.so
linking encoding utf_32be.so
compiling ./enc/trans/emoji_sjis_softbank.c
linking encoding utf_32le.so
linking encoding windows_31j.so
linking encoding windows_1251.so
make[1]: Leaving directory `/user/hongs/.rvm/src/ruby-2.1.1'
generating makefile exts.mk
configuring -test-/array/resize
configuring -test-/bignum
configuring -test-/bug-3571
configuring -test-/bug-3662
configuring -test-/bug-5832
configuring -test-/bug_reporter
configuring -test-/class
configuring -test-/debug
configuring -test-/exception
configuring -test-/fatal
configuring -test-/file
configuring -test-/funcall
configuring -test-/iter
configuring -test-/load/dot.dot
configuring -test-/marshal/compat
configuring -test-/marshal/usr
configuring -test-/method
configuring -test-/num2int
configuring -test-/old_thread_select
configuring -test-/path_to_class
configuring -test-/postponed_job
configuring -test-/printf
configuring -test-/rational
configuring -test-/recursion
configuring -test-/st/numhash
configuring -test-/st/update
configuring -test-/string
configuring -test-/symbol
configuring -test-/tracepoint
configuring -test-/typeddata
configuring -test-/wait_for_single_fd
configuring -test-/win32/dln
Failed to configure -test-/win32/dln. It will not be installed.
configuring -test-/win32/fd_setsize
Failed to configure -test-/win32/fd_setsize. It will not be installed.
configuring bigdecimal
compiling ./enc/trans/escape.c
compiling ./enc/trans/gb18030.c
configuring continuation
configuring coverage
configuring date
configuring dbm
compiling ./enc/trans/gbk.c
compiling ./enc/trans/iso2022.c
compiling ./enc/trans/japanese.c
compiling ./enc/trans/japanese_euc.c
Failed to configure dbm. It will not be installed.
configuring digest
configuring digest/bubblebabble
configuring digest/md5
configuring digest/rmd160
compiling ./enc/trans/japanese_sjis.c
configuring digest/sha1
configuring digest/sha2
compiling ./enc/trans/korean.c
configuring dl
compiling ./enc/trans/single_byte.c
compiling ./enc/trans/utf8_mac.c
configuring dl/callback
configuring etc
compiling ./enc/trans/utf_16_32.c
linking transcoder transdb.so
linking transcoder big5.so
linking transcoder chinese.so
linking transcoder emoji.so
linking transcoder emoji_iso2022_kddi.so
linking transcoder emoji_sjis_docomo.so
linking transcoder emoji_sjis_kddi.so
linking transcoder emoji_sjis_softbank.so
linking transcoder escape.so
linking transcoder gb18030.so
linking transcoder gbk.so
linking transcoder iso2022.so
linking transcoder japanese.so
linking transcoder japanese_euc.so
linking transcoder japanese_sjis.so
linking transcoder korean.so
linking transcoder single_byte.so
configuring fcntl
configuring fiber
configuring fiddle
linking transcoder utf8_mac.so
linking transcoder utf_16_32.so
make[1]: Leaving directory `/user/hongs/.rvm/src/ruby-2.1.1'
making encs
make[1]: Entering directory `/user/hongs/.rvm/src/ruby-2.1.1'
make[1]: Leaving directory `/user/hongs/.rvm/src/ruby-2.1.1'
configuring gdbm
Failed to configure gdbm. It will not be installed.
configuring io/console
configuring io/nonblock
configuring io/wait
configuring json
configuring json/generator
configuring json/parser
configuring mathn/complex
configuring mathn/rational
configuring nkf
configuring objspace
configuring openssl
configuring pathname
configuring psych
configuring pty
configuring racc/cparse
configuring rbconfig/sizeof
configuring readline
configuring ripper
configuring sdbm
configuring socket
configuring stringio
configuring strscan
configuring syslog
configuring thread
configuring tk
...........
check struct members..
check libraries....
Use ActiveTcl libraries (if available).
Search tclConfig.sh and tkConfig.sh..............................
Fail to find [tclConfig.sh, tkConfig.sh]
Use X11 libraries (or use TK_XINCLUDES/TK_XLIBSW information on tkConfig.sh).
Warning:: cannot find X11 library. tcltklib will not be compiled (tcltklib is disabled on your Ruby. That is, Ruby/Tk will not work). Please check configure options. If your Tcl/Tk don't require X11, please try --without-X11.
Can't find X11 libraries. 
So, can't make tcltklib.so which is required by Ruby/Tk.
Failed to configure tk. It will not be installed.
configuring tk/tkutil
Failed to configure tk/tkutil. It will not be installed.
configuring win32
Failed to configure win32. It will not be installed.
configuring win32ole
Failed to configure win32ole. It will not be installed.
configuring zlib
make[1]: Entering directory `/user/hongs/.rvm/src/ruby-2.1.1'
make[2]: Entering directory `/user/hongs/.rvm/src/ruby-2.1.1/ext/-test-/array/resize'
make[2]: Entering directory `/user/hongs/.rvm/src/ruby-2.1.1/ext/-test-/bignum'
compiling resize.c
compiling init.c
compiling intpack.c
installing default resize libraries
linking shared-object -test-/array/resize.so
make[2]: Leaving directory `/user/hongs/.rvm/src/ruby-2.1.1/ext/-test-/array/resize'
make[2]: Entering directory `/user/hongs/.rvm/src/ruby-2.1.1/ext/-test-/bug-3571'
compiling bug.c
compiling mul.c
installing default bug libraries
linking shared-object -test-/bug-3571/bug.so
make[2]: Leaving directory `/user/hongs/.rvm/src/ruby-2.1.1/ext/-test-/bug-3571'
make[2]: Entering directory `/user/hongs/.rvm/src/ruby-2.1.1/ext/-test-/bug-3662'
compiling bug.c
compiling big2str.c
installing default bug libraries
linking shared-object -test-/bug-3662/bug.so
compiling bigzero.c
make[2]: Leaving directory `/user/hongs/.rvm/src/ruby-2.1.1/ext/-test-/bug-3662'
make[2]: Entering directory `/user/hongs/.rvm/src/ruby-2.1.1/ext/-test-/bug-5832'
compiling bug.c
compiling str2big.c
installing default bug libraries
linking shared-object -test-/bug-5832/bug.so
make[2]: Leaving directory `/user/hongs/.rvm/src/ruby-2.1.1/ext/-test-/bug-5832'
make[2]: Entering directory `/user/hongs/.rvm/src/ruby-2.1.1/ext/-test-/bug_reporter'
compiling bug_reporter.c
compiling div.c
installing default bug_reporter libraries
linking shared-object -test-/bug_reporter/bug_reporter.so
make[2]: Leaving directory `/user/hongs/.rvm/src/ruby-2.1.1/ext/-test-/bug_reporter'
installing default bignum libraries
linking shared-object -test-/bignum.so
make[2]: Entering directory `/user/hongs/.rvm/src/ruby-2.1.1/ext/-test-/class'
compiling init.c
make[2]: Leaving directory `/user/hongs/.rvm/src/ruby-2.1.1/ext/-test-/bignum'
make[2]: Entering directory `/user/hongs/.rvm/src/ruby-2.1.1/ext/-test-/debug'
compiling init.c
compiling class2name.c
compiling inspector.c
installing default class libraries
linking shared-object -test-/class.so
compiling profile_frames.c
make[2]: Leaving directory `/user/hongs/.rvm/src/ruby-2.1.1/ext/-test-/class'
make[2]: Entering directory `/user/hongs/.rvm/src/ruby-2.1.1/ext/-test-/exception'
compiling ensured.c
installing default debug libraries
linking shared-object -test-/debug.so
compiling init.c
make[2]: Leaving directory `/user/hongs/.rvm/src/ruby-2.1.1/ext/-test-/debug'
make[2]: Entering directory `/user/hongs/.rvm/src/ruby-2.1.1/ext/-test-/fatal'
compiling rb_fatal.c
compiling enc_raise.c
installing default rb_fatal libraries
linking shared-object -test-/fatal/rb_fatal.so
make[2]: Leaving directory `/user/hongs/.rvm/src/ruby-2.1.1/ext/-test-/fatal'
compiling dataerror.c
make[2]: Entering directory `/user/hongs/.rvm/src/ruby-2.1.1/ext/-test-/file'
compiling init.c
installing default exception libraries
linking shared-object -test-/exception.so
compiling stat.c
make[2]: Leaving directory `/user/hongs/.rvm/src/ruby-2.1.1/ext/-test-/exception'
make[2]: Entering directory `/user/hongs/.rvm/src/ruby-2.1.1/ext/-test-/funcall'
compiling passing_block.c
installing default file libraries
linking shared-object -test-/file.so
make[2]: Leaving directory `/user/hongs/.rvm/src/ruby-2.1.1/ext/-test-/file'
make[2]: Entering directory `/user/hongs/.rvm/src/ruby-2.1.1/ext/-test-/iter'
compiling init.c
installing default funcall libraries
linking shared-object -test-/funcall/funcall.so
make[2]: Leaving directory `/user/hongs/.rvm/src/ruby-2.1.1/ext/-test-/funcall'
make[2]: Entering directory `/user/hongs/.rvm/src/ruby-2.1.1/ext/-test-/load/dot.dot'
compiling dot.dot.c
installing default dot.dot libraries
linking shared-object -test-/load/dot.dot/dot.dot.so
compiling yield.c
make[2]: Leaving directory `/user/hongs/.rvm/src/ruby-2.1.1/ext/-test-/load/dot.dot'
make[2]: Entering directory `/user/hongs/.rvm/src/ruby-2.1.1/ext/-test-/marshal/compat'
compiling usrcompat.c
compiling break.c
installing default compat libraries
linking shared-object -test-/marshal/compat.so
make[2]: Leaving directory `/user/hongs/.rvm/src/ruby-2.1.1/ext/-test-/marshal/compat'
make[2]: Entering directory `/user/hongs/.rvm/src/ruby-2.1.1/ext/-test-/marshal/usr'
compiling usrmarshal.c
installing default iter libraries
linking shared-object -test-/iter.so
make[2]: Leaving directory `/user/hongs/.rvm/src/ruby-2.1.1/ext/-test-/iter'
installing default usr libraries
make[2]: Entering directory `/user/hongs/.rvm/src/ruby-2.1.1/ext/-test-/method'
compiling init.c
linking shared-object -test-/marshal/usr.so
make[2]: Leaving directory `/user/hongs/.rvm/src/ruby-2.1.1/ext/-test-/marshal/usr'
compiling arity.c
make[2]: Entering directory `/user/hongs/.rvm/src/ruby-2.1.1/ext/-test-/num2int'
compiling num2int.c
installing default method libraries
linking shared-object -test-/method.so
make[2]: Leaving directory `/user/hongs/.rvm/src/ruby-2.1.1/ext/-test-/method'
installing default num2int libraries
make[2]: Entering directory `/user/hongs/.rvm/src/ruby-2.1.1/ext/-test-/old_thread_select'
compiling old_thread_select.c
linking shared-object -test-/num2int/num2int.so
make[2]: Leaving directory `/user/hongs/.rvm/src/ruby-2.1.1/ext/-test-/num2int'
make[2]: Entering directory `/user/hongs/.rvm/src/ruby-2.1.1/ext/-test-/path_to_class'
compiling path_to_class.c
installing default old_thread_select libraries
linking shared-object -test-/old_thread_select/old_thread_select.so
make[2]: Leaving directory `/user/hongs/.rvm/src/ruby-2.1.1/ext/-test-/old_thread_select'
installing default path_to_class libraries
linking shared-object -test-/path_to_class/path_to_class.so
make[2]: Entering directory `/user/hongs/.rvm/src/ruby-2.1.1/ext/-test-/postponed_job'
compiling postponed_job.c
make[2]: Leaving directory `/user/hongs/.rvm/src/ruby-2.1.1/ext/-test-/path_to_class'
make[2]: Entering directory `/user/hongs/.rvm/src/ruby-2.1.1/ext/-test-/printf'
compiling printf.c
installing default postponed_job libraries
linking shared-object -test-/postponed_job.so
make[2]: Leaving directory `/user/hongs/.rvm/src/ruby-2.1.1/ext/-test-/postponed_job'
installing default printf libraries
make[2]: Entering directory `/user/hongs/.rvm/src/ruby-2.1.1/ext/-test-/rational'
compiling rat.c
linking shared-object -test-/printf.so
make[2]: Leaving directory `/user/hongs/.rvm/src/ruby-2.1.1/ext/-test-/printf'
make[2]: Entering directory `/user/hongs/.rvm/src/ruby-2.1.1/ext/-test-/recursion'
compiling recursion.c
installing default rational libraries
linking shared-object -test-/rational.so
make[2]: Leaving directory `/user/hongs/.rvm/src/ruby-2.1.1/ext/-test-/rational'
make[2]: Entering directory `/user/hongs/.rvm/src/ruby-2.1.1/ext/-test-/st/numhash'
compiling numhash.c
installing default recursion libraries
linking shared-object -test-/recursion.so
make[2]: Leaving directory `/user/hongs/.rvm/src/ruby-2.1.1/ext/-test-/recursion'
make[2]: Entering directory `/user/hongs/.rvm/src/ruby-2.1.1/ext/-test-/st/update'
compiling update.c
installing default numhash libraries
linking shared-object -test-/st/numhash.so
make[2]: Leaving directory `/user/hongs/.rvm/src/ruby-2.1.1/ext/-test-/st/numhash'
make[2]: Entering directory `/user/hongs/.rvm/src/ruby-2.1.1/ext/-test-/string'
compiling enc_str_buf_cat.c
installing default update libraries
linking shared-object -test-/st/update.so
make[2]: Leaving directory `/user/hongs/.rvm/src/ruby-2.1.1/ext/-test-/st/update'
make[2]: Entering directory `/user/hongs/.rvm/src/ruby-2.1.1/ext/-test-/symbol'
compiling init.c
compiling init.c
compiling type.c
compiling ellipsize.c
compiling intern.c
compiling normalize.c
installing default symbol libraries
linking shared-object -test-/symbol.so
compiling qsort.c
make[2]: Leaving directory `/user/hongs/.rvm/src/ruby-2.1.1/ext/-test-/symbol'
make[2]: Entering directory `/user/hongs/.rvm/src/ruby-2.1.1/ext/-test-/tracepoint'
compiling gc_hook.c
compiling modify.c
compiling tracepoint.c
compiling enc_associate.c
installing default tracepoint libraries
linking shared-object -test-/tracepoint.so
make[2]: Leaving directory `/user/hongs/.rvm/src/ruby-2.1.1/ext/-test-/tracepoint'
compiling cstr.c
make[2]: Entering directory `/user/hongs/.rvm/src/ruby-2.1.1/ext/-test-/typeddata'
compiling typeddata.c
installing default typeddata libraries
compiling set_len.c
linking shared-object -test-/typeddata/typeddata.so
make[2]: Leaving directory `/user/hongs/.rvm/src/ruby-2.1.1/ext/-test-/typeddata'
make[2]: Entering directory `/user/hongs/.rvm/src/ruby-2.1.1/ext/-test-/wait_for_single_fd'
compiling wait_for_single_fd.c
compiling coderange.c
installing default wait_for_single_fd libraries
linking shared-object -test-/wait_for_single_fd/wait_for_single_fd.so
installing default string libraries
linking shared-object -test-/string/string.so
make[2]: Leaving directory `/user/hongs/.rvm/src/ruby-2.1.1/ext/-test-/wait_for_single_fd'
make[2]: Entering directory `/user/hongs/.rvm/src/ruby-2.1.1/ext/-test-/win32/dln'
make[2]: `all'를 위해 할 일이 없습니다
make[2]: Leaving directory `/user/hongs/.rvm/src/ruby-2.1.1/ext/-test-/win32/dln'
make[2]: Entering directory `/user/hongs/.rvm/src/ruby-2.1.1/ext/-test-/win32/fd_setsize'
make[2]: `all'를 위해 할 일이 없습니다
make[2]: Leaving directory `/user/hongs/.rvm/src/ruby-2.1.1/ext/-test-/win32/fd_setsize'
make[2]: Entering directory `/user/hongs/.rvm/src/ruby-2.1.1/ext/bigdecimal'
compiling bigdecimal.c
make[2]: Leaving directory `/user/hongs/.rvm/src/ruby-2.1.1/ext/-test-/string'
make[2]: Entering directory `/user/hongs/.rvm/src/ruby-2.1.1/ext/continuation'
compiling continuation.c
installing default continuation libraries
linking shared-object continuation.so
make[2]: Leaving directory `/user/hongs/.rvm/src/ruby-2.1.1/ext/continuation'
make[2]: Entering directory `/user/hongs/.rvm/src/ruby-2.1.1/ext/coverage'
compiling coverage.c
installing default coverage libraries
linking shared-object coverage.so
make[2]: Leaving directory `/user/hongs/.rvm/src/ruby-2.1.1/ext/coverage'
make[2]: Entering directory `/user/hongs/.rvm/src/ruby-2.1.1/ext/date'
compiling date_core.c
linking shared-object bigdecimal.so
installing default bigdecimal libraries
make[2]: Leaving directory `/user/hongs/.rvm/src/ruby-2.1.1/ext/bigdecimal'
make[2]: Entering directory `/user/hongs/.rvm/src/ruby-2.1.1/ext/dbm'
make[2]: `all'를 위해 할 일이 없습니다
make[2]: Leaving directory `/user/hongs/.rvm/src/ruby-2.1.1/ext/dbm'
make[2]: Entering directory `/user/hongs/.rvm/src/ruby-2.1.1/ext/digest'
compiling digest.c
linking shared-object digest.so
installing digest libraries
installing default digest libraries
make[2]: Leaving directory `/user/hongs/.rvm/src/ruby-2.1.1/ext/digest'
compiling date_parse.c
compiling date_strptime.c
compiling date_strftime.c
make[2]: Entering directory `/user/hongs/.rvm/src/ruby-2.1.1/ext/digest/bubblebabble'
compiling bubblebabble.c
installing default date_core libraries
linking shared-object date_core.so
installing default bubblebabble libraries
linking shared-object digest/bubblebabble.so
make[2]: Leaving directory `/user/hongs/.rvm/src/ruby-2.1.1/ext/date'
make[2]: Entering directory `/user/hongs/.rvm/src/ruby-2.1.1/ext/digest/md5'
compiling md5init.c
make[2]: Leaving directory `/user/hongs/.rvm/src/ruby-2.1.1/ext/digest/bubblebabble'
compiling md5ossl.c
make[2]: Entering directory `/user/hongs/.rvm/src/ruby-2.1.1/ext/digest/rmd160'
compiling rmd160init.c
installing default md5 libraries
linking shared-object digest/md5.so
compiling rmd160.c
make[2]: Leaving directory `/user/hongs/.rvm/src/ruby-2.1.1/ext/digest/md5'
installing default rmd160 libraries
make[2]: Entering directory `/user/hongs/.rvm/src/ruby-2.1.1/ext/digest/sha1'
compiling sha1init.c
compiling sha1ossl.c
installing default sha1 libraries
linking shared-object digest/sha1.so
make[2]: Leaving directory `/user/hongs/.rvm/src/ruby-2.1.1/ext/digest/sha1'
make[2]: Entering directory `/user/hongs/.rvm/src/ruby-2.1.1/ext/digest/sha2'
compiling sha2init.c
linking shared-object digest/rmd160.so
compiling sha2ossl.c
make[2]: Leaving directory `/user/hongs/.rvm/src/ruby-2.1.1/ext/digest/rmd160'
make[2]: Entering directory `/user/hongs/.rvm/src/ruby-2.1.1/ext/dl'
compiling handle.c
installing default sha2 libraries
linking shared-object digest/sha2.so
make[2]: Leaving directory `/user/hongs/.rvm/src/ruby-2.1.1/ext/digest/sha2'
make[2]: Entering directory `/user/hongs/.rvm/src/ruby-2.1.1/ext/dl/callback'
compiling callback.c
compiling dl.c
compiling callback-0.c
compiling cfunc.c
compiling cptr.c
cptr.c: In function ‘rb_dlptr_inspect’:
cptr.c:391: warning: unused variable ‘str’
installing dl libraries
linking shared-object dl.so
installing default dl libraries
make[2]: Leaving directory `/user/hongs/.rvm/src/ruby-2.1.1/ext/dl'
make[2]: Entering directory `/user/hongs/.rvm/src/ruby-2.1.1/ext/etc'
compiling etc.c
installing default etc libraries
linking shared-object etc.so
make[2]: Leaving directory `/user/hongs/.rvm/src/ruby-2.1.1/ext/etc'
compiling callback-1.c
make[2]: Entering directory `/user/hongs/.rvm/src/ruby-2.1.1/ext/fcntl'
compiling fcntl.c
installing default fcntl libraries
linking shared-object fcntl.so
make[2]: Leaving directory `/user/hongs/.rvm/src/ruby-2.1.1/ext/fcntl'
make[2]: Entering directory `/user/hongs/.rvm/src/ruby-2.1.1/ext/fiber'
compiling fiber.c
installing default fiber libraries
linking shared-object fiber.so
make[2]: Leaving directory `/user/hongs/.rvm/src/ruby-2.1.1/ext/fiber'
make[2]: Entering directory `/user/hongs/.rvm/src/ruby-2.1.1/ext/fiddle'
compiling handle.c
compiling function.c
compiling conversions.c
compiling closure.c
compiling fiddle.c
compiling pointer.c
linking shared-object fiddle.so
compiling callback-2.c
installing default fiddle libraries
make[2]: Leaving directory `/user/hongs/.rvm/src/ruby-2.1.1/ext/fiddle'
compiling callback-3.c
compiling callback-4.c
make[2]: Entering directory `/user/hongs/.rvm/src/ruby-2.1.1/ext/gdbm'
make[2]: `all'를 위해 할 일이 없습니다
make[2]: Leaving directory `/user/hongs/.rvm/src/ruby-2.1.1/ext/gdbm'
make[2]: Entering directory `/user/hongs/.rvm/src/ruby-2.1.1/ext/io/console'
compiling console.c
linking shared-object io/console.so
installing default console libraries
make[2]: Leaving directory `/user/hongs/.rvm/src/ruby-2.1.1/ext/io/console'
compiling callback-5.c
make[2]: Entering directory `/user/hongs/.rvm/src/ruby-2.1.1/ext/io/nonblock'
compiling nonblock.c
installing default nonblock libraries
linking shared-object io/nonblock.so
make[2]: Leaving directory `/user/hongs/.rvm/src/ruby-2.1.1/ext/io/nonblock'
make[2]: Entering directory `/user/hongs/.rvm/src/ruby-2.1.1/ext/io/wait'
compiling wait.c
installing default wait libraries
linking shared-object io/wait.so
make[2]: Leaving directory `/user/hongs/.rvm/src/ruby-2.1.1/ext/io/wait'
make[2]: Entering directory `/user/hongs/.rvm/src/ruby-2.1.1/ext/json'
installing default libraries
make[2]: Leaving directory `/user/hongs/.rvm/src/ruby-2.1.1/ext/json'
compiling callback-6.c
compiling callback-7.c
compiling callback-8.c
make[2]: Entering directory `/user/hongs/.rvm/src/ruby-2.1.1/ext/json/generator'
compiling generator.c
installing default generator libraries
linking shared-object json/ext/generator.so
make[2]: Leaving directory `/user/hongs/.rvm/src/ruby-2.1.1/ext/json/generator'
installing default callback libraries
make[2]: Entering directory `/user/hongs/.rvm/src/ruby-2.1.1/ext/json/parser'
compiling parser.c
linking shared-object dl/callback.so
make[2]: Leaving directory `/user/hongs/.rvm/src/ruby-2.1.1/ext/dl/callback'
installing default parser libraries
make[2]: Entering directory `/user/hongs/.rvm/src/ruby-2.1.1/ext/mathn/complex'
compiling complex.c
installing default complex libraries
linking shared-object mathn/complex.so
make[2]: Leaving directory `/user/hongs/.rvm/src/ruby-2.1.1/ext/mathn/complex'
make[2]: Entering directory `/user/hongs/.rvm/src/ruby-2.1.1/ext/mathn/rational'
compiling rational.c
installing default rational libraries
linking shared-object mathn/rational.so
make[2]: Leaving directory `/user/hongs/.rvm/src/ruby-2.1.1/ext/mathn/rational'
make[2]: Entering directory `/user/hongs/.rvm/src/ruby-2.1.1/ext/nkf'
compiling nkf.c
linking shared-object json/ext/parser.so
make[2]: Leaving directory `/user/hongs/.rvm/src/ruby-2.1.1/ext/json/parser'
installing default nkf libraries
make[2]: Entering directory `/user/hongs/.rvm/src/ruby-2.1.1/ext/objspace'
compiling object_tracing.c
object_tracing.c: In function ‘make_unique_str’:
object_tracing.c:43: warning: dereferencing type-punned pointer will break strict-aliasing rules
object_tracing.c: In function ‘delete_unique_str’:
object_tracing.c:63: warning: dereferencing type-punned pointer will break strict-aliasing rules
object_tracing.c: In function ‘newobj_i’:
object_tracing.c:87: warning: dereferencing type-punned pointer will break strict-aliasing rules
object_tracing.c: In function ‘freeobj_i’:
object_tracing.c:120: warning: dereferencing type-punned pointer will break strict-aliasing rules
object_tracing.c:125: warning: dereferencing type-punned pointer will break strict-aliasing rules
object_tracing.c: In function ‘lookup_allocation_info’:
object_tracing.c:323: warning: dereferencing type-punned pointer will break strict-aliasing rules
compiling objspace_dump.c
compiling objspace.c
installing default objspace libraries
linking shared-object objspace.so
make[2]: Leaving directory `/user/hongs/.rvm/src/ruby-2.1.1/ext/objspace'
make[2]: Entering directory `/user/hongs/.rvm/src/ruby-2.1.1/ext/openssl'
compiling ossl_pkey_dsa.c
compiling ossl.c
compiling ossl_pkcs5.c
compiling ossl_x509ext.c
compiling ossl_x509cert.c
compiling ossl_bio.c
compiling ossl_digest.c
linking shared-object nkf.so
compiling ossl_ocsp.c
make[2]: Leaving directory `/user/hongs/.rvm/src/ruby-2.1.1/ext/nkf'
make[2]: Entering directory `/user/hongs/.rvm/src/ruby-2.1.1/ext/pathname'
compiling pathname.c
compiling ossl_pkcs7.c
installing default pathname libraries
linking shared-object pathname.so
make[2]: Leaving directory `/user/hongs/.rvm/src/ruby-2.1.1/ext/pathname'
make[2]: Entering directory `/user/hongs/.rvm/src/ruby-2.1.1/ext/psych'
compiling psych_yaml_tree.c
compiling psych.c
compiling psych_to_ruby.c
compiling ossl_x509req.c
compiling psych_emitter.c
compiling psych_parser.c
compiling ossl_pkey_rsa.c
linking shared-object psych.so
installing default psych libraries
make[2]: Leaving directory `/user/hongs/.rvm/src/ruby-2.1.1/ext/psych'
compiling ossl_bn.c
make[2]: Entering directory `/user/hongs/.rvm/src/ruby-2.1.1/ext/pty'
compiling pty.c
installing default pty libraries
linking shared-object pty.so
make[2]: Leaving directory `/user/hongs/.rvm/src/ruby-2.1.1/ext/pty'
compiling ossl_x509.c
compiling ossl_rand.c
make[2]: Entering directory `/user/hongs/.rvm/src/ruby-2.1.1/ext/racc/cparse'
compiling cparse.c
compiling ossl_ns_spki.c
installing default cparse libraries
linking shared-object racc/cparse.so
make[2]: Leaving directory `/user/hongs/.rvm/src/ruby-2.1.1/ext/racc/cparse'
make[2]: Entering directory `/user/hongs/.rvm/src/ruby-2.1.1/ext/rbconfig/sizeof'
compiling sizes.c
compiling ossl_config.c
installing default sizeof libraries
linking shared-object rbconfig/sizeof.so
make[2]: Leaving directory `/user/hongs/.rvm/src/ruby-2.1.1/ext/rbconfig/sizeof'
make[2]: Entering directory `/user/hongs/.rvm/src/ruby-2.1.1/ext/readline'
compiling readline.c
compiling ossl_engine.c
installing default readline libraries
linking shared-object readline.so
make[2]: Leaving directory `/user/hongs/.rvm/src/ruby-2.1.1/ext/readline'
compiling ossl_x509attr.c
make[2]: Entering directory `/user/hongs/.rvm/src/ruby-2.1.1/ext/ripper'
compiling ripper.c
compiling openssl_missing.c
compiling ossl_ssl_session.c
compiling ossl_x509name.c
compiling ossl_pkcs12.c
compiling ossl_hmac.c
compiling ossl_pkey_dh.c
compiling ossl_asn1.c
compiling ossl_x509revoked.c
compiling ossl_pkey_ec.c
compiling ossl_x509store.c
compiling ossl_cipher.c
compiling ossl_ssl.c
compiling ossl_x509crl.c
compiling ossl_pkey.c
linking shared-object openssl.so
installing default openssl libraries
make[2]: Leaving directory `/user/hongs/.rvm/src/ruby-2.1.1/ext/openssl'
make[2]: Entering directory `/user/hongs/.rvm/src/ruby-2.1.1/ext/sdbm'
compiling init.c
compiling _sdbm.c
installing default sdbm libraries
linking shared-object sdbm.so
make[2]: Leaving directory `/user/hongs/.rvm/src/ruby-2.1.1/ext/sdbm'
checking ../.././parse.y and ../.././ext/ripper/eventids2.c
make[2]: Entering directory `/user/hongs/.rvm/src/ruby-2.1.1/ext/socket'
generating constant definitions
generating constant definitions
compiling basicsocket.c
compiling socket.c
compiling ipsocket.c
compiling tcpsocket.c
compiling tcpserver.c
compiling sockssocket.c
compiling udpsocket.c
compiling unixsocket.c
compiling unixserver.c
compiling option.c
compiling ancdata.c
compiling raddrinfo.c
compiling ifaddr.c
installing default socket libraries
compiling init.c
compiling constants.c
linking shared-object socket.so
make[2]: Leaving directory `/user/hongs/.rvm/src/ruby-2.1.1/ext/socket'
installing default ripper libraries
make[2]: Entering directory `/user/hongs/.rvm/src/ruby-2.1.1/ext/stringio'
compiling stringio.c
installing default stringio libraries
linking shared-object stringio.so
make[2]: Leaving directory `/user/hongs/.rvm/src/ruby-2.1.1/ext/stringio'
make[2]: Entering directory `/user/hongs/.rvm/src/ruby-2.1.1/ext/strscan'
compiling strscan.c
installing default strscan libraries
linking shared-object strscan.so
make[2]: Leaving directory `/user/hongs/.rvm/src/ruby-2.1.1/ext/strscan'
make[2]: Entering directory `/user/hongs/.rvm/src/ruby-2.1.1/ext/syslog'
compiling syslog.c
linking shared-object syslog.so
installing default syslog libraries
make[2]: Leaving directory `/user/hongs/.rvm/src/ruby-2.1.1/ext/syslog'
make[2]: Entering directory `/user/hongs/.rvm/src/ruby-2.1.1/ext/thread'
compiling thread.c
installing default thread libraries
linking shared-object thread.so
make[2]: Leaving directory `/user/hongs/.rvm/src/ruby-2.1.1/ext/thread'
make[2]: Entering directory `/user/hongs/.rvm/src/ruby-2.1.1/ext/tk'
make[2]: `all'를 위해 할 일이 없습니다
make[2]: Leaving directory `/user/hongs/.rvm/src/ruby-2.1.1/ext/tk'
make[2]: Entering directory `/user/hongs/.rvm/src/ruby-2.1.1/ext/tk/tkutil'
make[2]: `all'를 위해 할 일이 없습니다
make[2]: Leaving directory `/user/hongs/.rvm/src/ruby-2.1.1/ext/tk/tkutil'
make[2]: Entering directory `/user/hongs/.rvm/src/ruby-2.1.1/ext/win32'
make[2]: `all'를 위해 할 일이 없습니다
make[2]: Leaving directory `/user/hongs/.rvm/src/ruby-2.1.1/ext/win32'
make[2]: Entering directory `/user/hongs/.rvm/src/ruby-2.1.1/ext/win32ole'
make[2]: `all'를 위해 할 일이 없습니다
make[2]: Leaving directory `/user/hongs/.rvm/src/ruby-2.1.1/ext/win32ole'
make[2]: Entering directory `/user/hongs/.rvm/src/ruby-2.1.1/ext/zlib'
compiling zlib.c
installing default zlib libraries
linking shared-object zlib.so
make[2]: Leaving directory `/user/hongs/.rvm/src/ruby-2.1.1/ext/zlib'
linking shared-object ripper.so
make[2]: Leaving directory `/user/hongs/.rvm/src/ruby-2.1.1/ext/ripper'
make[2]: Entering directory `/user/hongs/.rvm/src/ruby-2.1.1'
linking shared-library libruby.so.2.1.0
linking ruby
make[2]: Leaving directory `/user/hongs/.rvm/src/ruby-2.1.1'
make[1]: Leaving directory `/user/hongs/.rvm/src/ruby-2.1.1'
