[2014-02-27 14:33:29] requirements_centos_update_system
requirements_centos_update_system () 
{ 
    [[ " ${packages_to_install[*]} " =~ " libyaml-devel " ]] || return 0;
    [[ -f /etc/yum.repos.d/epel.repo ]] || requirements_centos_lib_installed libyaml-devel || requirements_centos_lib_available_no_caching libyaml-devel || { 
        typeset version="${_system_version%%.*}";
        __rvm_db "epel${version}_key" "epel_key";
        __rvm_db "epel${version}_rpm" "epel_rpm";
        if [[ -z "$epel_rpm" || -z "$epel_key" ]]; then
            rvm_error "There is no 'libyaml-devel' package available for installation and RVM does not know how to make that happen,
please tell us how to install 'libyaml-devel' on '${_system_name}-${_system_version}' here: https://github.com/wayneeseguin/rvm/issues";
            return 49;
        fi;
        "${rvm_scripts_path}/fetch" "${epel_key}";
        "${rvm_scripts_path}/fetch" "${epel_rpm}";
        __rvm_try_sudo rpm --import "${rvm_archives_path}/${epel_key##*/}";
        __rvm_try_sudo rpm --quiet -i "${rvm_archives_path}/${epel_rpm##*/}" && __rvm_try_sudo yum-config-manager -q --enable epel || { 
            typeset __ret=$?;
            rvm_error "Error installing EPEL, it is required for libyaml-devel,
either there was an error installing EPEL package,
or there was problem checking if libyaml-devel is available / installed.";
            return ${__ret}
        }
    }
}
current path: /user/hongs/.rvm/src/rvm
PATH=/usr/kerberos/bin:/usr/local/bin:/bin:/usr/bin:/user/hongs/bin:/user/hongs/.rvm/bin
command(2): requirements_centos_update_system ruby-2.1.1
