[2015-01-05 22:26:03] alias_create_execute
alias_create_execute () 
{ 
    for _path in "$rvm_rubies_path" "$rvm_environments_path" "$rvm_wrappers_path";
    do
        if [[ -L "$_path/$alias_name" ]]; then
            \command \rm -fv "$_path/$alias_name" || return $?;
        fi;
        \command \ln -fs "$_path/$rvm_ruby_string" "$_path/$alias_name" || return $?;
    done;
    __rvm_db_ "$rvm_path/config/alias" "$alias_name" "$rvm_ruby_string"
}
current path: /user/hongs
GEM_HOME=/user/hongs/.rvm/gems/ruby-1.9.3-p551
PATH=/user/hongs/.rvm/gems/ruby-1.9.3-p551/bin:/user/hongs/.rvm/gems/ruby-1.9.3-p551@global/bin:/user/hongs/.rvm/rubies/ruby-1.9.3-p551/bin:/user/hongs/.rvm/bin:/usr/kerberos/bin:/usr/local/bin:/bin:/usr/bin:/user/hongs/bin
GEM_PATH=/user/hongs/.rvm/gems/ruby-1.9.3-p551:/user/hongs/.rvm/gems/ruby-1.9.3-p551@global
command(1): alias_create_execute
+ for _path in '"$rvm_rubies_path"' '"$rvm_environments_path"' '"$rvm_wrappers_path"'
+ [[ -L /user/hongs/.rvm/rubies/default ]]
+ command ln -fs /user/hongs/.rvm/rubies/ruby-1.9.3-p551 /user/hongs/.rvm/rubies/default
+ ln -fs /user/hongs/.rvm/rubies/ruby-1.9.3-p551 /user/hongs/.rvm/rubies/default
+ for _path in '"$rvm_rubies_path"' '"$rvm_environments_path"' '"$rvm_wrappers_path"'
+ [[ -L /user/hongs/.rvm/environments/default ]]
+ command ln -fs /user/hongs/.rvm/environments/ruby-1.9.3-p551 /user/hongs/.rvm/environments/default
+ ln -fs /user/hongs/.rvm/environments/ruby-1.9.3-p551 /user/hongs/.rvm/environments/default
+ for _path in '"$rvm_rubies_path"' '"$rvm_environments_path"' '"$rvm_wrappers_path"'
+ [[ -L /user/hongs/.rvm/wrappers/default ]]
+ command ln -fs /user/hongs/.rvm/wrappers/ruby-1.9.3-p551 /user/hongs/.rvm/wrappers/default
+ ln -fs /user/hongs/.rvm/wrappers/ruby-1.9.3-p551 /user/hongs/.rvm/wrappers/default
+ __rvm_db_ /user/hongs/.rvm/config/alias default ruby-1.9.3-p551
+ typeset __db __key __value
+ __db=/user/hongs/.rvm/config/alias
+ __key=default
+ shift 2
+ __value=ruby-1.9.3-p551
+ case "${__value}" in
+ __rvm_db_add /user/hongs/.rvm/config/alias default ruby-1.9.3-p551
+ typeset __dir=/user/hongs/.rvm/config
+ [[ -f /user/hongs/.rvm/config/alias ]]
+ __rvm_db_remove /user/hongs/.rvm/config/alias default
+ [[ -f /user/hongs/.rvm/config/alias ]]
+ __rvm_sed -e '\#^default=# d' -e '/^$/d' /user/hongs/.rvm/config/alias
+ sed -e '\#^default=# d' -e '/^$/d' /user/hongs/.rvm/config/alias
+ command mv -f /user/hongs/.rvm/config/alias.new /user/hongs/.rvm/config/alias
+ mv -f /user/hongs/.rvm/config/alias.new /user/hongs/.rvm/config/alias
+ printf '%b=%b\n' default ruby-1.9.3-p551
