[2014-02-27 14:45:13] rubygems_remove
rubygems_remove () 
{ 
    typeset rubygems_path __ruby entry;
    rvm_log "Removing old Rubygems files...";
    case "$rvm_ruby_string" in 
        rbx-*)
            __ruby="['prefix']"
        ;;
        *)
            __ruby=".values_at('sitelibdir','vendorlibdir').detect{ |path| File.directory?(File.join(path.to_s, 'rubygems')) }.to_s"
        ;;
    esac;
    rubygems_path="$(${1:-ruby} -rrbconfig -e "puts ::Kernel.const_get('RbConfig')::CONFIG${ruby__}")";
    entries=("${rubygems_path}/ubygems.rb" "${rubygems_path}/gauntlet_rubygems.rb" "${rubygems_path}/rbconfig/");
    for entry in "${entries[@]}" "${rubygems_path}/rubygems"*;
    do
        __rvm_rm_rf "$entry";
    done
}
current path: /user/hongs/.rvm/src/ruby-1.9.3-p545
GEM_HOME=/user/hongs/.rvm/gems/ruby-2.1.1
PATH=/user/hongs/.rvm/gems/ruby-2.1.1/bin:/user/hongs/.rvm/gems/ruby-2.1.1@global/bin:/user/hongs/.rvm/rubies/ruby-2.1.1/bin:/user/hongs/.rvm/bin:/usr/kerberos/bin:/usr/local/bin:/bin:/usr/bin:/user/hongs/bin
GEM_PATH=/user/hongs/.rvm/gems/ruby-2.1.1:/user/hongs/.rvm/gems/ruby-2.1.1@global
command(2): rubygems_remove /user/hongs/.rvm/rubies/ruby-1.9.3-p545/bin/ruby
Removing old Rubygems files...
