This file contains any messages produced by compilers while
running configure, to aid debugging if configure makes a mistake.

It was created by configure, which was
generated by GNU Autoconf 2.65.  Invocation command line was

  $ auto/configure --with-features=huge --enable-perlinterp --enable-rubyinterp --enable-pythoninterp --srcdir=. --cache-file=auto/config.cache

## --------- ##
## Platform. ##
## --------- ##

hostname = jung2poom.cafe24.com
uname -m = x86_64
uname -r = 2.6.18-348.16.1.el5
uname -s = Linux
uname -v = #1 SMP Wed Aug 21 04:00:25 EDT 2013

/usr/bin/uname -p = unknown
/bin/uname -X     = unknown

/bin/arch              = x86_64
/usr/bin/arch -k       = unknown
/usr/convex/getsysinfo = unknown
/usr/bin/hostinfo      = unknown
/bin/machine           = unknown
/usr/bin/oslevel       = unknown
/bin/universe          = unknown

PATH: /user/hongs/.rvm/gems/ruby-1.9.3-p545/bin
PATH: /user/hongs/.rvm/gems/ruby-1.9.3-p545@global/bin
PATH: /user/hongs/.rvm/rubies/ruby-1.9.3-p545/bin
PATH: /usr/kerberos/bin
PATH: /usr/local/bin
PATH: /bin
PATH: /usr/bin
PATH: /user/hongs/bin
PATH: /user/hongs/.rvm/bin


## ----------- ##
## Core tests. ##
## ----------- ##

configure:2482: loading cache auto/config.cache
configure:2568: checking whether make sets $(MAKE)
configure:2590: result: yes
configure:2648: checking for gcc
configure:2675: result: gcc
configure:2904: checking for C compiler version
configure:2913: gcc --version >&5
gcc (GCC) 4.1.2 20080704 (Red Hat 4.1.2-54)
Copyright (C) 2006 Free Software Foundation, Inc.
This is free software; see the source for copying conditions.  There is NO
warranty; not even for MERCHANTABILITY or FITNESS FOR A PARTICULAR PURPOSE.

configure:2924: $? = 0
configure:2913: gcc -v >&5
Using built-in specs.
Target: x86_64-redhat-linux
Configured with: ../configure --prefix=/usr --mandir=/usr/share/man --infodir=/usr/share/info --enable-shared --enable-threads=posix --enable-checking=release --with-system-zlib --enable-__cxa_atexit --disable-libunwind-exceptions --enable-libgcj-multifile --enable-languages=c,c++,objc,obj-c++,java,fortran,ada --enable-java-awt=gtk --disable-dssi --disable-plugin --with-java-home=/usr/lib/jvm/java-1.4.2-gcj-1.4.2.0/jre --with-cpu=generic --host=x86_64-redhat-linux
Thread model: posix
gcc version 4.1.2 20080704 (Red Hat 4.1.2-54)
configure:2924: $? = 0
configure:2913: gcc -V >&5
gcc: '-V' option must have argument
configure:2924: $? = 1
configure:2913: gcc -qversion >&5
gcc: unrecognized option '-qversion'
gcc: no input files
configure:2924: $? = 1
configure:2944: checking whether the C compiler works
configure:2966: gcc    conftest.c  >&5
configure:2970: $? = 0
configure:3019: result: yes
configure:3022: checking for C compiler default output file name
configure:3024: result: a.out
configure:3030: checking for suffix of executables
configure:3037: gcc -o conftest    conftest.c  >&5
configure:3041: $? = 0
configure:3063: result: 
configure:3085: checking whether we are cross compiling
configure:3093: gcc -o conftest    conftest.c  >&5
configure:3097: $? = 0
configure:3104: ./conftest
configure:3108: $? = 0
configure:3123: result: no
configure:3128: checking for suffix of object files
configure:3175: result: o
configure:3179: checking whether we are using the GNU C compiler
configure:3207: result: yes
configure:3216: checking whether gcc accepts -g
configure:3277: result: yes
configure:3294: checking for gcc option to accept ISO C89
configure:3371: result: none needed
configure:3395: checking how to run the C preprocessor
configure:3465: result: gcc -E
configure:3485: gcc -E  conftest.c
configure:3485: $? = 0
configure:3499: gcc -E  conftest.c
conftest.c:10:28: error: ac_nonexistent.h: No such file or directory
configure:3499: $? = 1
configure: failed program was:
| /* confdefs.h */
| #define PACKAGE_NAME ""
| #define PACKAGE_TARNAME ""
| #define PACKAGE_VERSION ""
| #define PACKAGE_STRING ""
| #define PACKAGE_BUGREPORT ""
| #define PACKAGE_URL ""
| #define UNIX 1
| /* end confdefs.h.  */
| #include <ac_nonexistent.h>
configure:3528: checking for grep that handles long lines and -e
configure:3586: result: /bin/grep
configure:3591: checking for egrep
configure:3653: result: /bin/grep -E
configure:3667: checking for library containing strerror
configure:3715: result: none required
configure:3726: checking for gawk
configure:3753: result: gawk
configure:3766: checking for strip
configure:3794: result: strip
configure:3805: checking for ANSI C header files
configure:3909: result: yes
configure:3917: checking for sys/wait.h that is POSIX.1 compatible
configure:3950: result: yes
configure:3960: checking --enable-fail-if-missing argument
configure:3969: result: no
configure:3992: checking for recent clang version
configure:4006: result: no
configure:4018: checking for buggy tools...
configure:4025: checking for BeOS
configure:4031: result: no
configure:4035: checking for QNX
configure:4042: result: no
configure:4046: checking for Darwin (Mac OS X)
configure:4262: result: no
configure:4268: checking for AvailabilityMacros.h
configure:4268: result: no
configure:4283: checking --with-local-dir argument
configure:4307: result: Defaulting to /usr/local
configure:4332: checking --with-vim-name argument
configure:4340: result: Defaulting to vim
configure:4345: checking --with-ex-name argument
configure:4353: result: Defaulting to ex
configure:4358: checking --with-view-name argument
configure:4366: result: Defaulting to view
configure:4372: checking --with-global-runtime argument
configure:4383: result: no
configure:4388: checking --with-modified-by argument
configure:4399: result: no
configure:4404: checking if character set is EBCDIC
configure:4423: gcc -c -g -O2  conftest.c >&5
conftest.c: In function 'main':
conftest.c:21: error: 'make' undeclared (first use in this function)
conftest.c:21: error: (Each undeclared identifier is reported only once
conftest.c:21: error: for each function it appears in.)
conftest.c:21: error: expected ';' before 'an'
configure:4423: $? = 1
configure: failed program was:
| /* confdefs.h */
| #define PACKAGE_NAME ""
| #define PACKAGE_TARNAME ""
| #define PACKAGE_VERSION ""
| #define PACKAGE_STRING ""
| #define PACKAGE_BUGREPORT ""
| #define PACKAGE_URL ""
| #define UNIX 1
| #define STDC_HEADERS 1
| #define HAVE_SYS_WAIT_H 1
| /* end confdefs.h.  */
| 
| int
| main ()
| {
|  /* TryCompile function for CharSet.
|    Treat any failure as ASCII for compatibility with existing art.
|    Use compile-time rather than run-time tests for cross-compiler
|    tolerance.  */
| #if '0'!=240
| make an error "Character set is not EBCDIC"
| #endif
|   ;
|   return 0;
| }
configure:4433: result: no
configure:4494: checking --disable-selinux argument
configure:4504: result: no
configure:4506: checking for is_selinux_enabled in -lselinux
configure:4540: result: yes
configure:4554: checking --with-features argument
configure:4559: result: huge
configure:4590: checking --with-compiledby argument
configure:4598: result: no
configure:4604: checking --disable-xsmp argument
configure:4615: result: no
configure:4617: checking --disable-xsmp-interact argument
configure:4627: result: no
configure:4640: checking --enable-luainterp argument
configure:4649: result: no
configure:4976: checking --enable-mzschemeinterp argument
configure:4985: result: no
configure:5322: checking --enable-perlinterp argument
configure:5331: result: yes
configure:5337: checking for perl
configure:5367: result: /usr/bin/perl
configure:5376: checking Perl version
configure:5400: result: OK
configure:5416: checking if compile and link flags for Perl are sane
configure:5436: gcc -o conftest -g -O2  -D_REENTRANT -D_GNU_SOURCE  -pipe -Wdeclaration-after-statement -I/usr/local/include -D_LARGEFILE_SOURCE -D_FILE_OFFSET_BITS=64 -I/usr/include/gdbm  -I/usr/lib64/perl5/5.8.8/x86_64-linux-thread-multi/CORE   -Wl,-E -Wl,-rpath,/usr/lib64/perl5/5.8.8/x86_64-linux-thread-multi/CORE   -L/usr/local/lib conftest.c  -lselinux -Wl,-E -Wl,-rpath,/usr/lib64/perl5/5.8.8/x86_64-linux-thread-multi/CORE  /usr/lib64/perl5/5.8.8/x86_64-linux-thread-multi/auto/DynaLoader/DynaLoader.a -L/usr/lib64/perl5/5.8.8/x86_64-linux-thread-multi/CORE -lperl -lresolv -lnsl -ldl -lm -lcrypt -lutil -lpthread -lc >&5
configure:5436: $? = 0
configure:5437: result: yes
configure:5511: checking --enable-pythoninterp argument
configure:5520: result: yes
configure:5527: checking for python2
configure:5557: result: /usr/bin/python2
configure:5570: checking Python version
configure:5579: result: 2.4
configure:5582: checking Python is 2.3 or better
configure:5587: result: yep
configure:5590: checking Python's install prefix
configure:5599: result: /usr
configure:5602: checking Python's execution prefix
configure:5611: result: /usr
configure:5633: checking Python's configuration directory
configure:5655: result: /usr/lib64/python2.4/config
configure:5714: checking if -pthread should be used
configure:5744: gcc -o conftest -g -O2 -pthread  -Wl,-E -Wl,-rpath,/usr/lib64/perl5/5.8.8/x86_64-linux-thread-multi/CORE   -L/usr/local/lib conftest.c  -lselinux  >&5
configure:5744: $? = 0
configure:5745: result: yes
configure:5760: checking if compile and link flags for Python are sane
configure:5777: gcc -o conftest -g -O2 -I/usr/include/python2.4 -DPYTHON_HOME='"/usr"' -pthread  -Wl,-E -Wl,-rpath,/usr/lib64/perl5/5.8.8/x86_64-linux-thread-multi/CORE   -L/usr/local/lib conftest.c  -lselinux  -L/usr/lib64/python2.4/config -lpython2.4 -lpthread -ldl -lutil -lm -Xlinker -export-dynamic >&5
configure:5777: $? = 0
configure:5778: result: yes
configure:5818: checking --enable-python3interp argument
configure:5827: result: no
configure:6279: checking if -fPIE can be added for Python
configure:6296: gcc -o conftest -g -O2 -I/usr/include/python2.4 -DPYTHON_HOME='"/usr"' -pthread -fPIE  -Wl,-E -Wl,-rpath,/usr/lib64/perl5/5.8.8/x86_64-linux-thread-multi/CORE   -L/usr/local/lib conftest.c  -lselinux  -L/usr/lib64/python2.4/config -lpython2.4 -lpthread -ldl -lutil -lm -Xlinker -export-dynamic >&5
configure:6296: $? = 0
configure:6297: result: yes
configure:6351: checking --enable-tclinterp argument
configure:6360: result: no
configure:6694: checking --enable-rubyinterp argument
configure:6703: result: yes
configure:6706: checking --with-ruby-command argument
configure:6715: result: defaulting to ruby
configure:6721: checking for ruby
configure:6751: result: /user/hongs/.rvm/rubies/ruby-1.9.3-p545/bin/ruby
configure:6760: checking Ruby version
configure:6763: result: OK
configure:6765: checking Ruby rbconfig
configure:6771: result: RbConfig
configure:6773: checking Ruby header files
configure:6777: result: /user/hongs/.rvm/rubies/ruby-1.9.3-p545/include/ruby-1.9.1
configure:6848: checking --enable-cscope argument
configure:6857: result: no
configure:6864: checking --enable-workshop argument
configure:6873: result: no
configure:6887: checking --disable-netbeans argument
configure:6897: result: no
configure:6899: checking for socket in -lsocket
configure:6933: result: no
configure:6944: checking for gethostbyname in -lnsl
configure:6978: result: yes
configure:6989: checking whether compiling netbeans integration is possible
configure:7025: gcc -o conftest -g -O2  -L.  -rdynamic -Wl,-export-dynamic -Wl,-E -Wl,-rpath,/usr/lib64/perl5/5.8.8/x86_64-linux-thread-multi/CORE   -L/usr/local/lib conftest.c -lnsl  -lselinux  >&5
configure:7025: $? = 0
configure:7026: result: yes
configure:7047: checking --enable-sniff argument
configure:7056: result: no
configure:7067: checking --enable-multibyte argument
configure:7076: result: no
configure:7083: checking --enable-hangulinput argument
configure:7092: result: no
configure:7095: checking --enable-xim argument
configure:7102: result: defaulting to auto
configure:7107: checking --enable-fontset argument
configure:7116: result: no
configure:7128: checking for xmkmf
configure:7158: result: /usr/bin/xmkmf
configure:7167: checking for X
configure:7345: result: no
configure:7881: checking if X11 header files can be found
configure:7897: gcc -c -g -O2    conftest.c >&5
conftest.c:21:22: error: X11/Xlib.h: No such file or directory
conftest.c:22:27: error: X11/Intrinsic.h: No such file or directory
configure:7897: $? = 1
configure: failed program was:
| /* confdefs.h */
| #define PACKAGE_NAME ""
| #define PACKAGE_TARNAME ""
| #define PACKAGE_VERSION ""
| #define PACKAGE_STRING ""
| #define PACKAGE_BUGREPORT ""
| #define PACKAGE_URL ""
| #define UNIX 1
| #define STDC_HEADERS 1
| #define HAVE_SYS_WAIT_H 1
| #define HAVE_SELINUX 1
| #define FEAT_HUGE 1
| #define USE_XSMP_INTERACT 1
| #define FEAT_PERL 1
| #define FEAT_PYTHON 1
| #define FEAT_RUBY 1
| #define HAVE_LIBNSL 1
| #define FEAT_NETBEANS_INTG 1
| #define X_DISPLAY_MISSING 1
| /* end confdefs.h.  */
| #include <X11/Xlib.h>
| #include <X11/Intrinsic.h>
| int
| main ()
| {
| 
|   ;
|   return 0;
| }
configure:7901: result: no
configure:8139: checking --enable-gui argument
configure:8199: result: no GUI support
configure:9063: checking for X11/SM/SMlib.h
configure:9063: result: no
configure:9250: checking for CYGWIN environment
configure:9268: result: no
configure:9288: checking whether toupper is broken
configure:9325: result: no
configure:9333: checking whether __DATE__ and __TIME__ work
configure:9346: gcc -c -g -O2  conftest.c >&5
configure:9346: $? = 0
configure:9347: result: yes
configure:9356: checking whether __attribute__((unused)) is allowed
configure:9369: gcc -c -g -O2  conftest.c >&5
configure:9369: $? = 0
configure:9370: result: yes
configure:9379: checking for elf.h
configure:9379: result: yes
configure:9386: checking for main in -lelf
configure:9414: result: no
configure:9430: checking for dirent.h that defines DIR
configure:9457: result: yes
configure:9471: checking for library containing opendir
configure:9519: result: none required
configure:9627: checking for stdarg.h
configure:9627: result: yes
configure:9627: checking for stdint.h
configure:9627: result: yes
configure:9627: checking for stdlib.h
configure:9627: result: yes
configure:9627: checking for string.h
configure:9627: result: yes
configure:9627: checking for sys/select.h
configure:9627: result: yes
configure:9627: checking for sys/utsname.h
configure:9627: result: yes
configure:9627: checking for termcap.h
configure:9627: result: yes
configure:9627: checking for fcntl.h
configure:9627: result: yes
configure:9627: checking for sgtty.h
configure:9627: result: yes
configure:9627: checking for sys/ioctl.h
configure:9627: result: yes
configure:9627: checking for sys/time.h
configure:9627: result: yes
configure:9627: checking for sys/types.h
configure:9627: result: yes
configure:9627: checking for termio.h
configure:9627: result: yes
configure:9627: checking for iconv.h
configure:9627: result: yes
configure:9627: checking for inttypes.h
configure:9627: result: yes
configure:9627: checking for langinfo.h
configure:9627: result: yes
configure:9627: checking for math.h
configure:9627: result: yes
configure:9627: checking for unistd.h
configure:9627: result: yes
configure:9627: checking for stropts.h
configure:9627: result: yes
configure:9627: checking for errno.h
configure:9627: result: yes
configure:9627: checking for sys/resource.h
configure:9627: result: yes
configure:9627: checking for sys/systeminfo.h
configure:9627: result: no
configure:9627: checking for locale.h
configure:9627: result: yes
configure:9627: checking for sys/stream.h
configure:9627: result: no
configure:9627: checking for termios.h
configure:9627: result: yes
configure:9627: checking for libc.h
configure:9627: result: no
configure:9627: checking for sys/statfs.h
configure:9627: result: yes
configure:9627: checking for poll.h
configure:9627: result: yes
configure:9627: checking for sys/poll.h
configure:9627: result: yes
configure:9627: checking for pwd.h
configure:9627: result: yes
configure:9627: checking for utime.h
configure:9627: result: yes
configure:9627: checking for sys/param.h
configure:9627: result: yes
configure:9627: checking for libintl.h
configure:9627: result: yes
configure:9627: checking for libgen.h
configure:9627: result: yes
configure:9627: checking for util/debug.h
configure:9627: result: no
configure:9627: checking for util/msg18n.h
configure:9627: result: no
configure:9627: checking for frame.h
configure:9627: result: no
configure:9627: checking for sys/acl.h
configure:9627: result: no
configure:9627: checking for sys/access.h
configure:9627: result: no
configure:9627: checking for sys/sysinfo.h
configure:9627: result: yes
configure:9627: checking for wchar.h
configure:9627: result: yes
configure:9627: checking for wctype.h
configure:9627: result: yes
configure:9641: checking for sys/ptem.h
configure:9641: result: no
configure:9657: checking for sys/sysctl.h
configure:9657: result: yes
configure:9672: checking for pthread_np.h
configure:9687: gcc -c -g -O2  conftest.c >&5
conftest.c:61:24: error: pthread_np.h: No such file or directory
configure:9687: $? = 1
configure: failed program was:
| /* confdefs.h */
| #define PACKAGE_NAME ""
| #define PACKAGE_TARNAME ""
| #define PACKAGE_VERSION ""
| #define PACKAGE_STRING ""
| #define PACKAGE_BUGREPORT ""
| #define PACKAGE_URL ""
| #define UNIX 1
| #define STDC_HEADERS 1
| #define HAVE_SYS_WAIT_H 1
| #define HAVE_SELINUX 1
| #define FEAT_HUGE 1
| #define USE_XSMP_INTERACT 1
| #define FEAT_PERL 1
| #define FEAT_PYTHON 1
| #define FEAT_RUBY 1
| #define HAVE_LIBNSL 1
| #define FEAT_NETBEANS_INTG 1
| #define X_DISPLAY_MISSING 1
| #define HAVE_DATE_TIME 1
| #define HAVE_ATTRIBUTE_UNUSED 1
| #define HAVE_DIRENT_H 1
| #define HAVE_STDARG_H 1
| #define HAVE_STDINT_H 1
| #define HAVE_STDLIB_H 1
| #define HAVE_STRING_H 1
| #define HAVE_SYS_SELECT_H 1
| #define HAVE_SYS_UTSNAME_H 1
| #define HAVE_TERMCAP_H 1
| #define HAVE_FCNTL_H 1
| #define HAVE_SGTTY_H 1
| #define HAVE_SYS_IOCTL_H 1
| #define HAVE_SYS_TIME_H 1
| #define HAVE_SYS_TYPES_H 1
| #define HAVE_TERMIO_H 1
| #define HAVE_ICONV_H 1
| #define HAVE_INTTYPES_H 1
| #define HAVE_LANGINFO_H 1
| #define HAVE_MATH_H 1
| #define HAVE_UNISTD_H 1
| #define HAVE_STROPTS_H 1
| #define HAVE_ERRNO_H 1
| #define HAVE_SYS_RESOURCE_H 1
| #define HAVE_LOCALE_H 1
| #define HAVE_TERMIOS_H 1
| #define HAVE_SYS_STATFS_H 1
| #define HAVE_POLL_H 1
| #define HAVE_SYS_POLL_H 1
| #define HAVE_PWD_H 1
| #define HAVE_UTIME_H 1
| #define HAVE_SYS_PARAM_H 1
| #define HAVE_LIBINTL_H 1
| #define HAVE_LIBGEN_H 1
| #define HAVE_SYS_SYSINFO_H 1
| #define HAVE_WCHAR_H 1
| #define HAVE_WCTYPE_H 1
| #define HAVE_SYS_SYSCTL_H 1
| /* end confdefs.h.  */
| 
| #include <pthread.h>
| #include <pthread_np.h>
| int
| main ()
| {
| int i; i = 0;
|   ;
|   return 0;
| }
configure:9693: result: no
configure:9700: checking for strings.h
configure:9700: result: yes
configure:9715: checking if strings.h can be included after string.h
configure:9744: gcc -c -g -O2    conftest.c >&5
configure:9744: $? = 0
configure:9745: result: yes
configure:9758: checking whether gcc needs -traditional
configure:9792: result: no
configure:9799: checking for an ANSI C-conforming const
configure:9871: result: yes
configure:9879: checking for working volatile
configure:9905: result: yes
configure:9913: checking for mode_t
configure:9913: result: yes
configure:9924: checking for off_t
configure:9924: result: yes
configure:9935: checking for pid_t
configure:9935: result: yes
configure:9946: checking for size_t
configure:9946: result: yes
configure:9957: checking for uid_t in sys/types.h
configure:9976: result: yes
configure:9987: checking for uint32_t
configure:9987: result: yes
configure:10002: checking whether time.h and sys/time.h may both be included
configure:10029: result: yes
configure:10037: checking for ino_t
configure:10037: result: yes
configure:10048: checking for dev_t
configure:10048: result: yes
configure:10059: checking whether byte ordering is bigendian
configure:10265: result: no
configure:10284: checking for rlim_t
configure:10287: result: (cached) yes
configure:10320: checking for stack_t
configure:10323: result: (cached) yes
configure:10354: checking whether stack_t has an ss_base field
configure:10375: gcc -c -g -O2  conftest.c >&5
conftest.c: In function 'main':
conftest.c:73: error: 'stack_t' has no member named 'ss_base'
configure:10375: $? = 1
configure: failed program was:
| /* confdefs.h */
| #define PACKAGE_NAME ""
| #define PACKAGE_TARNAME ""
| #define PACKAGE_VERSION ""
| #define PACKAGE_STRING ""
| #define PACKAGE_BUGREPORT ""
| #define PACKAGE_URL ""
| #define UNIX 1
| #define STDC_HEADERS 1
| #define HAVE_SYS_WAIT_H 1
| #define HAVE_SELINUX 1
| #define FEAT_HUGE 1
| #define USE_XSMP_INTERACT 1
| #define FEAT_PERL 1
| #define FEAT_PYTHON 1
| #define FEAT_RUBY 1
| #define HAVE_LIBNSL 1
| #define FEAT_NETBEANS_INTG 1
| #define X_DISPLAY_MISSING 1
| #define HAVE_DATE_TIME 1
| #define HAVE_ATTRIBUTE_UNUSED 1
| #define HAVE_DIRENT_H 1
| #define HAVE_STDARG_H 1
| #define HAVE_STDINT_H 1
| #define HAVE_STDLIB_H 1
| #define HAVE_STRING_H 1
| #define HAVE_SYS_SELECT_H 1
| #define HAVE_SYS_UTSNAME_H 1
| #define HAVE_TERMCAP_H 1
| #define HAVE_FCNTL_H 1
| #define HAVE_SGTTY_H 1
| #define HAVE_SYS_IOCTL_H 1
| #define HAVE_SYS_TIME_H 1
| #define HAVE_SYS_TYPES_H 1
| #define HAVE_TERMIO_H 1
| #define HAVE_ICONV_H 1
| #define HAVE_INTTYPES_H 1
| #define HAVE_LANGINFO_H 1
| #define HAVE_MATH_H 1
| #define HAVE_UNISTD_H 1
| #define HAVE_STROPTS_H 1
| #define HAVE_ERRNO_H 1
| #define HAVE_SYS_RESOURCE_H 1
| #define HAVE_LOCALE_H 1
| #define HAVE_TERMIOS_H 1
| #define HAVE_SYS_STATFS_H 1
| #define HAVE_POLL_H 1
| #define HAVE_SYS_POLL_H 1
| #define HAVE_PWD_H 1
| #define HAVE_UTIME_H 1
| #define HAVE_SYS_PARAM_H 1
| #define HAVE_LIBINTL_H 1
| #define HAVE_LIBGEN_H 1
| #define HAVE_SYS_SYSINFO_H 1
| #define HAVE_WCHAR_H 1
| #define HAVE_WCTYPE_H 1
| #define HAVE_SYS_SYSCTL_H 1
| #define HAVE_STRINGS_H 1
| #define TIME_WITH_SYS_TIME 1
| /* end confdefs.h.  */
| 
| #include <sys/types.h>
| #if STDC_HEADERS
| # include <stdlib.h>
| # include <stddef.h>
| #endif
| #include <signal.h>
| #include "confdefs.h"
| 
| int
| main ()
| {
| stack_t sigstk; sigstk.ss_base = 0;
|   ;
|   return 0;
| }
configure:10380: result: no
configure:10386: checking --with-tlib argument
configure:10421: result: empty: automatic terminal library selection
configure:10429: checking for tgetent in -ltinfo
configure:10464: result: no
configure:10429: checking for tgetent in -lncurses
configure:10464: result: yes
configure:10492: gcc -o conftest -g -O2  -L.  -rdynamic -Wl,-export-dynamic -Wl,-E -Wl,-rpath,/usr/lib64/perl5/5.8.8/x86_64-linux-thread-multi/CORE   -L/usr/local/lib conftest.c -lncurses -lnsl  -lselinux  >&5
configure:10492: $? = 0
configure:10492: ./conftest
configure:10492: $? = 0
configure:10541: checking whether we talk terminfo
configure:10585: result: yes
configure:10594: checking what tgetent() returns for an unknown terminal
configure:10635: result: zero
configure:10644: checking whether termcap.h contains ospeed
configure:10661: gcc -o conftest -g -O2  -L.  -rdynamic -Wl,-export-dynamic -Wl,-E -Wl,-rpath,/usr/lib64/perl5/5.8.8/x86_64-linux-thread-multi/CORE   -L/usr/local/lib conftest.c -lncurses -lnsl  -lselinux  >&5
configure:10661: $? = 0
configure:10662: result: yes
configure:10701: checking whether termcap.h contains UP, BC and PC
configure:10718: gcc -o conftest -g -O2  -L.  -rdynamic -Wl,-export-dynamic -Wl,-E -Wl,-rpath,/usr/lib64/perl5/5.8.8/x86_64-linux-thread-multi/CORE   -L/usr/local/lib conftest.c -lncurses -lnsl  -lselinux  >&5
configure:10718: $? = 0
configure:10719: result: yes
configure:10758: checking whether tputs() uses outfuntype
configure:10775: gcc -c -g -O2  conftest.c >&5
configure:10775: $? = 0
configure:10776: result: yes
configure:10785: checking whether sys/select.h and sys/time.h may both be included
configure:10801: gcc -c -g -O2  conftest.c >&5
configure:10801: $? = 0
configure:10802: result: yes
configure:10813: checking for /dev/ptc
configure:10821: result: no
configure:10825: checking for SVR4 ptys
configure:10839: gcc -o conftest -g -O2  -L.  -rdynamic -Wl,-export-dynamic -Wl,-E -Wl,-rpath,/usr/lib64/perl5/5.8.8/x86_64-linux-thread-multi/CORE   -L/usr/local/lib conftest.c -lncurses -lnsl  -lselinux  >&5
configure:10839: $? = 0
configure:10840: result: yes
configure:10854: checking for ptyranges
configure:10890: result: don't know
configure:10895: checking default tty permissions/group
configure:10974: result: world
configure:10992: checking return type of signal handlers
configure:11017: result: void
configure:11034: checking for struct sigcontext
configure:11054: gcc -c -g -O2  conftest.c >&5
configure:11054: $? = 0
configure:11055: result: yes
configure:11065: checking getcwd implementation is broken
configure:11108: result: no
configure:11125: checking for bcmp
configure:11125: result: yes
configure:11125: checking for fchdir
configure:11125: result: yes
configure:11125: checking for fchown
configure:11125: result: yes
configure:11125: checking for fsync
configure:11125: result: yes
configure:11125: checking for getcwd
configure:11125: result: yes
configure:11125: checking for getpseudotty
configure:11125: result: no
configure:11125: checking for getpwent
configure:11125: result: yes
configure:11125: checking for getpwnam
configure:11125: result: yes
configure:11125: checking for getpwuid
configure:11125: result: yes
configure:11125: checking for getrlimit
configure:11125: result: yes
configure:11125: checking for gettimeofday
configure:11125: result: yes
configure:11125: checking for getwd
configure:11125: result: yes
configure:11125: checking for lstat
configure:11125: result: yes
configure:11125: checking for memcmp
configure:11125: result: yes
configure:11125: checking for memset
configure:11125: result: yes
configure:11125: checking for mkdtemp
configure:11125: result: yes
configure:11125: checking for nanosleep
configure:11125: result: yes
configure:11125: checking for opendir
configure:11125: result: yes
configure:11125: checking for putenv
configure:11125: result: yes
configure:11125: checking for qsort
configure:11125: result: yes
configure:11125: checking for readlink
configure:11125: result: yes
configure:11125: checking for select
configure:11125: result: yes
configure:11125: checking for setenv
configure:11125: result: yes
configure:11125: checking for setpgid
configure:11125: result: yes
configure:11125: checking for setsid
configure:11125: result: yes
configure:11125: checking for sigaltstack
configure:11125: result: yes
configure:11125: checking for sigstack
configure:11125: result: yes
configure:11125: checking for sigset
configure:11125: result: yes
configure:11125: checking for sigsetjmp
configure:11125: result: no
configure:11125: checking for sigaction
configure:11125: result: yes
configure:11125: checking for sigvec
configure:11125: result: yes
configure:11125: checking for strcasecmp
configure:11125: result: yes
configure:11125: checking for strerror
configure:11125: result: yes
configure:11125: checking for strftime
configure:11125: result: yes
configure:11125: checking for stricmp
configure:11125: result: no
configure:11125: checking for strncasecmp
configure:11125: result: yes
configure:11125: checking for strnicmp
configure:11125: result: no
configure:11125: checking for strpbrk
configure:11125: result: yes
configure:11125: checking for strtol
configure:11125: result: yes
configure:11125: checking for tgetent
configure:11125: result: yes
configure:11125: checking for towlower
configure:11125: result: yes
configure:11125: checking for towupper
configure:11125: result: yes
configure:11125: checking for iswupper
configure:11125: result: yes
configure:11125: checking for usleep
configure:11125: result: yes
configure:11125: checking for utime
configure:11125: result: yes
configure:11125: checking for utimes
configure:11125: result: yes
configure:11135: checking for _LARGEFILE_SOURCE value needed for large files
configure:11182: result: no
configure:11211: checking for special C compiler options needed for large files
configure:11256: result: no
configure:11262: checking for _FILE_OFFSET_BITS value needed for large files
configure:11319: result: no
configure:11403: checking for st_blksize
configure:11421: gcc -c -g -O2  conftest.c >&5
configure:11421: $? = 0
configure:11422: result: yes
configure:11431: checking whether stat() ignores a trailing slash
configure:11470: result: no
configure:11478: checking for iconv_open()
configure:11497: gcc -o conftest -g -O2  -L.  -rdynamic -Wl,-export-dynamic -Wl,-E -Wl,-rpath,/usr/lib64/perl5/5.8.8/x86_64-linux-thread-multi/CORE   -L/usr/local/lib conftest.c -lncurses -lnsl  -lselinux  -liconv >&5
/usr/bin/ld: cannot find -liconv
collect2: ld returned 1 exit status
configure:11497: $? = 1
configure: failed program was:
| /* confdefs.h */
| #define PACKAGE_NAME ""
| #define PACKAGE_TARNAME ""
| #define PACKAGE_VERSION ""
| #define PACKAGE_STRING ""
| #define PACKAGE_BUGREPORT ""
| #define PACKAGE_URL ""
| #define UNIX 1
| #define STDC_HEADERS 1
| #define HAVE_SYS_WAIT_H 1
| #define HAVE_SELINUX 1
| #define FEAT_HUGE 1
| #define USE_XSMP_INTERACT 1
| #define FEAT_PERL 1
| #define FEAT_PYTHON 1
| #define FEAT_RUBY 1
| #define HAVE_LIBNSL 1
| #define FEAT_NETBEANS_INTG 1
| #define X_DISPLAY_MISSING 1
| #define HAVE_DATE_TIME 1
| #define HAVE_ATTRIBUTE_UNUSED 1
| #define HAVE_DIRENT_H 1
| #define HAVE_STDARG_H 1
| #define HAVE_STDINT_H 1
| #define HAVE_STDLIB_H 1
| #define HAVE_STRING_H 1
| #define HAVE_SYS_SELECT_H 1
| #define HAVE_SYS_UTSNAME_H 1
| #define HAVE_TERMCAP_H 1
| #define HAVE_FCNTL_H 1
| #define HAVE_SGTTY_H 1
| #define HAVE_SYS_IOCTL_H 1
| #define HAVE_SYS_TIME_H 1
| #define HAVE_SYS_TYPES_H 1
| #define HAVE_TERMIO_H 1
| #define HAVE_ICONV_H 1
| #define HAVE_INTTYPES_H 1
| #define HAVE_LANGINFO_H 1
| #define HAVE_MATH_H 1
| #define HAVE_UNISTD_H 1
| #define HAVE_STROPTS_H 1
| #define HAVE_ERRNO_H 1
| #define HAVE_SYS_RESOURCE_H 1
| #define HAVE_LOCALE_H 1
| #define HAVE_TERMIOS_H 1
| #define HAVE_SYS_STATFS_H 1
| #define HAVE_POLL_H 1
| #define HAVE_SYS_POLL_H 1
| #define HAVE_PWD_H 1
| #define HAVE_UTIME_H 1
| #define HAVE_SYS_PARAM_H 1
| #define HAVE_LIBINTL_H 1
| #define HAVE_LIBGEN_H 1
| #define HAVE_SYS_SYSINFO_H 1
| #define HAVE_WCHAR_H 1
| #define HAVE_WCTYPE_H 1
| #define HAVE_SYS_SYSCTL_H 1
| #define HAVE_STRINGS_H 1
| #define TIME_WITH_SYS_TIME 1
| #define HAVE_LIBNCURSES 1
| #define TERMINFO 1
| #define TGETENT_ZERO_ERR 0
| #define HAVE_OSPEED 1
| #define HAVE_UP_BC_PC 1
| #define HAVE_OUTFUNTYPE 1
| #define SYS_SELECT_WITH_SYS_TIME 1
| #define HAVE_SVR4_PTYS 1
| #define RETSIGTYPE void
| #define SIGRETURN return
| #define HAVE_SIGCONTEXT 1
| #define HAVE_BCMP 1
| #define HAVE_FCHDIR 1
| #define HAVE_FCHOWN 1
| #define HAVE_FSYNC 1
| #define HAVE_GETCWD 1
| #define HAVE_GETPWENT 1
| #define HAVE_GETPWNAM 1
| #define HAVE_GETPWUID 1
| #define HAVE_GETRLIMIT 1
| #define HAVE_GETTIMEOFDAY 1
| #define HAVE_GETWD 1
| #define HAVE_LSTAT 1
| #define HAVE_MEMCMP 1
| #define HAVE_MEMSET 1
| #define HAVE_MKDTEMP 1
| #define HAVE_NANOSLEEP 1
| #define HAVE_OPENDIR 1
| #define HAVE_PUTENV 1
| #define HAVE_QSORT 1
| #define HAVE_READLINK 1
| #define HAVE_SELECT 1
| #define HAVE_SETENV 1
| #define HAVE_SETPGID 1
| #define HAVE_SETSID 1
| #define HAVE_SIGALTSTACK 1
| #define HAVE_SIGSTACK 1
| #define HAVE_SIGSET 1
| #define HAVE_SIGACTION 1
| #define HAVE_SIGVEC 1
| #define HAVE_STRCASECMP 1
| #define HAVE_STRERROR 1
| #define HAVE_STRFTIME 1
| #define HAVE_STRNCASECMP 1
| #define HAVE_STRPBRK 1
| #define HAVE_STRTOL 1
| #define HAVE_TGETENT 1
| #define HAVE_TOWLOWER 1
| #define HAVE_TOWUPPER 1
| #define HAVE_ISWUPPER 1
| #define HAVE_USLEEP 1
| #define HAVE_UTIME 1
| #define HAVE_UTIMES 1
| #define HAVE_FSEEKO 1
| #define HAVE_ST_BLKSIZE 1
| /* end confdefs.h.  */
| 
| #ifdef HAVE_ICONV_H
| # include <iconv.h>
| #endif
| 
| int
| main ()
| {
| iconv_open("fr", "to");
|   ;
|   return 0;
| }
configure:11518: gcc -o conftest -g -O2  -L.  -rdynamic -Wl,-export-dynamic -Wl,-E -Wl,-rpath,/usr/lib64/perl5/5.8.8/x86_64-linux-thread-multi/CORE   -L/usr/local/lib conftest.c -lncurses -lnsl  -lselinux  >&5
configure:11518: $? = 0
configure:11519: result: yes
configure:11533: checking for nl_langinfo(CODESET)
configure:11550: gcc -o conftest -g -O2  -L.  -rdynamic -Wl,-export-dynamic -Wl,-E -Wl,-rpath,/usr/lib64/perl5/5.8.8/x86_64-linux-thread-multi/CORE   -L/usr/local/lib conftest.c -lncurses -lnsl  -lselinux  >&5
configure:11550: $? = 0
configure:11551: result: yes
configure:11561: checking for strtod in -lm
configure:11595: result: yes
configure:11606: checking for strtod() and other floating point functions
configure:11638: gcc -o conftest -g -O2  -L.  -rdynamic -Wl,-export-dynamic -Wl,-E -Wl,-rpath,/usr/lib64/perl5/5.8.8/x86_64-linux-thread-multi/CORE   -L/usr/local/lib conftest.c -lm -lncurses -lnsl  -lselinux  >&5
configure:11638: $? = 0
configure:11639: result: yes
configure:11649: checking --disable-acl argument
configure:11659: result: no
configure:11661: checking for acl_get_file in -lposix1e
configure:11695: result: no
configure:11700: checking for acl_get_file in -lacl
configure:11734: result: no
configure:11783: checking for POSIX ACL support
configure:11803: gcc -o conftest -g -O2  -L.  -rdynamic -Wl,-export-dynamic -Wl,-E -Wl,-rpath,/usr/lib64/perl5/5.8.8/x86_64-linux-thread-multi/CORE   -L/usr/local/lib conftest.c -lm -lncurses -lnsl  -lselinux  >&5
conftest.c:125: error: expected '=', ',', ';', 'asm' or '__attribute__' before 'acl'
conftest.c: In function 'main':
conftest.c:129: error: 'acl' undeclared (first use in this function)
conftest.c:129: error: (Each undeclared identifier is reported only once
conftest.c:129: error: for each function it appears in.)
conftest.c:129: error: 'ACL_TYPE_ACCESS' undeclared (first use in this function)
configure:11803: $? = 1
configure: failed program was:
| /* confdefs.h */
| #define PACKAGE_NAME ""
| #define PACKAGE_TARNAME ""
| #define PACKAGE_VERSION ""
| #define PACKAGE_STRING ""
| #define PACKAGE_BUGREPORT ""
| #define PACKAGE_URL ""
| #define UNIX 1
| #define STDC_HEADERS 1
| #define HAVE_SYS_WAIT_H 1
| #define HAVE_SELINUX 1
| #define FEAT_HUGE 1
| #define USE_XSMP_INTERACT 1
| #define FEAT_PERL 1
| #define FEAT_PYTHON 1
| #define FEAT_RUBY 1
| #define HAVE_LIBNSL 1
| #define FEAT_NETBEANS_INTG 1
| #define X_DISPLAY_MISSING 1
| #define HAVE_DATE_TIME 1
| #define HAVE_ATTRIBUTE_UNUSED 1
| #define HAVE_DIRENT_H 1
| #define HAVE_STDARG_H 1
| #define HAVE_STDINT_H 1
| #define HAVE_STDLIB_H 1
| #define HAVE_STRING_H 1
| #define HAVE_SYS_SELECT_H 1
| #define HAVE_SYS_UTSNAME_H 1
| #define HAVE_TERMCAP_H 1
| #define HAVE_FCNTL_H 1
| #define HAVE_SGTTY_H 1
| #define HAVE_SYS_IOCTL_H 1
| #define HAVE_SYS_TIME_H 1
| #define HAVE_SYS_TYPES_H 1
| #define HAVE_TERMIO_H 1
| #define HAVE_ICONV_H 1
| #define HAVE_INTTYPES_H 1
| #define HAVE_LANGINFO_H 1
| #define HAVE_MATH_H 1
| #define HAVE_UNISTD_H 1
| #define HAVE_STROPTS_H 1
| #define HAVE_ERRNO_H 1
| #define HAVE_SYS_RESOURCE_H 1
| #define HAVE_LOCALE_H 1
| #define HAVE_TERMIOS_H 1
| #define HAVE_SYS_STATFS_H 1
| #define HAVE_POLL_H 1
| #define HAVE_SYS_POLL_H 1
| #define HAVE_PWD_H 1
| #define HAVE_UTIME_H 1
| #define HAVE_SYS_PARAM_H 1
| #define HAVE_LIBINTL_H 1
| #define HAVE_LIBGEN_H 1
| #define HAVE_SYS_SYSINFO_H 1
| #define HAVE_WCHAR_H 1
| #define HAVE_WCTYPE_H 1
| #define HAVE_SYS_SYSCTL_H 1
| #define HAVE_STRINGS_H 1
| #define TIME_WITH_SYS_TIME 1
| #define HAVE_LIBNCURSES 1
| #define TERMINFO 1
| #define TGETENT_ZERO_ERR 0
| #define HAVE_OSPEED 1
| #define HAVE_UP_BC_PC 1
| #define HAVE_OUTFUNTYPE 1
| #define SYS_SELECT_WITH_SYS_TIME 1
| #define HAVE_SVR4_PTYS 1
| #define RETSIGTYPE void
| #define SIGRETURN return
| #define HAVE_SIGCONTEXT 1
| #define HAVE_BCMP 1
| #define HAVE_FCHDIR 1
| #define HAVE_FCHOWN 1
| #define HAVE_FSYNC 1
| #define HAVE_GETCWD 1
| #define HAVE_GETPWENT 1
| #define HAVE_GETPWNAM 1
| #define HAVE_GETPWUID 1
| #define HAVE_GETRLIMIT 1
| #define HAVE_GETTIMEOFDAY 1
| #define HAVE_GETWD 1
| #define HAVE_LSTAT 1
| #define HAVE_MEMCMP 1
| #define HAVE_MEMSET 1
| #define HAVE_MKDTEMP 1
| #define HAVE_NANOSLEEP 1
| #define HAVE_OPENDIR 1
| #define HAVE_PUTENV 1
| #define HAVE_QSORT 1
| #define HAVE_READLINK 1
| #define HAVE_SELECT 1
| #define HAVE_SETENV 1
| #define HAVE_SETPGID 1
| #define HAVE_SETSID 1
| #define HAVE_SIGALTSTACK 1
| #define HAVE_SIGSTACK 1
| #define HAVE_SIGSET 1
| #define HAVE_SIGACTION 1
| #define HAVE_SIGVEC 1
| #define HAVE_STRCASECMP 1
| #define HAVE_STRERROR 1
| #define HAVE_STRFTIME 1
| #define HAVE_STRNCASECMP 1
| #define HAVE_STRPBRK 1
| #define HAVE_STRTOL 1
| #define HAVE_TGETENT 1
| #define HAVE_TOWLOWER 1
| #define HAVE_TOWUPPER 1
| #define HAVE_ISWUPPER 1
| #define HAVE_USLEEP 1
| #define HAVE_UTIME 1
| #define HAVE_UTIMES 1
| #define HAVE_FSEEKO 1
| #define HAVE_ST_BLKSIZE 1
| #define HAVE_ICONV 1
| #define HAVE_NL_LANGINFO_CODESET 1
| #define HAVE_LIBM 1
| #define HAVE_FLOAT_FUNCS 1
| /* end confdefs.h.  */
| 
| #include <sys/types.h>
| #ifdef HAVE_SYS_ACL_H
| # include <sys/acl.h>
| #endif
| acl_t acl;
| int
| main ()
| {
| acl = acl_get_file("foo", ACL_TYPE_ACCESS);
| 	acl_set_file("foo", ACL_TYPE_ACCESS, acl);
| 	acl_free(acl);
|   ;
|   return 0;
| }
configure:11808: result: no
configure:11814: checking for acl_get in -lsec
configure:11848: result: no
configure:11854: checking for Solaris ACL support
configure:11871: gcc -o conftest -g -O2  -L.  -rdynamic -Wl,-export-dynamic -Wl,-E -Wl,-rpath,/usr/lib64/perl5/5.8.8/x86_64-linux-thread-multi/CORE   -L/usr/local/lib conftest.c -lm -lncurses -lnsl  -lselinux  >&5
conftest.c: In function 'main':
conftest.c:127: error: 'GETACLCNT' undeclared (first use in this function)
conftest.c:127: error: (Each undeclared identifier is reported only once
conftest.c:127: error: for each function it appears in.)
conftest.c:127: error: 'NULL' undeclared (first use in this function)
configure:11871: $? = 1
configure: failed program was:
| /* confdefs.h */
| #define PACKAGE_NAME ""
| #define PACKAGE_TARNAME ""
| #define PACKAGE_VERSION ""
| #define PACKAGE_STRING ""
| #define PACKAGE_BUGREPORT ""
| #define PACKAGE_URL ""
| #define UNIX 1
| #define STDC_HEADERS 1
| #define HAVE_SYS_WAIT_H 1
| #define HAVE_SELINUX 1
| #define FEAT_HUGE 1
| #define USE_XSMP_INTERACT 1
| #define FEAT_PERL 1
| #define FEAT_PYTHON 1
| #define FEAT_RUBY 1
| #define HAVE_LIBNSL 1
| #define FEAT_NETBEANS_INTG 1
| #define X_DISPLAY_MISSING 1
| #define HAVE_DATE_TIME 1
| #define HAVE_ATTRIBUTE_UNUSED 1
| #define HAVE_DIRENT_H 1
| #define HAVE_STDARG_H 1
| #define HAVE_STDINT_H 1
| #define HAVE_STDLIB_H 1
| #define HAVE_STRING_H 1
| #define HAVE_SYS_SELECT_H 1
| #define HAVE_SYS_UTSNAME_H 1
| #define HAVE_TERMCAP_H 1
| #define HAVE_FCNTL_H 1
| #define HAVE_SGTTY_H 1
| #define HAVE_SYS_IOCTL_H 1
| #define HAVE_SYS_TIME_H 1
| #define HAVE_SYS_TYPES_H 1
| #define HAVE_TERMIO_H 1
| #define HAVE_ICONV_H 1
| #define HAVE_INTTYPES_H 1
| #define HAVE_LANGINFO_H 1
| #define HAVE_MATH_H 1
| #define HAVE_UNISTD_H 1
| #define HAVE_STROPTS_H 1
| #define HAVE_ERRNO_H 1
| #define HAVE_SYS_RESOURCE_H 1
| #define HAVE_LOCALE_H 1
| #define HAVE_TERMIOS_H 1
| #define HAVE_SYS_STATFS_H 1
| #define HAVE_POLL_H 1
| #define HAVE_SYS_POLL_H 1
| #define HAVE_PWD_H 1
| #define HAVE_UTIME_H 1
| #define HAVE_SYS_PARAM_H 1
| #define HAVE_LIBINTL_H 1
| #define HAVE_LIBGEN_H 1
| #define HAVE_SYS_SYSINFO_H 1
| #define HAVE_WCHAR_H 1
| #define HAVE_WCTYPE_H 1
| #define HAVE_SYS_SYSCTL_H 1
| #define HAVE_STRINGS_H 1
| #define TIME_WITH_SYS_TIME 1
| #define HAVE_LIBNCURSES 1
| #define TERMINFO 1
| #define TGETENT_ZERO_ERR 0
| #define HAVE_OSPEED 1
| #define HAVE_UP_BC_PC 1
| #define HAVE_OUTFUNTYPE 1
| #define SYS_SELECT_WITH_SYS_TIME 1
| #define HAVE_SVR4_PTYS 1
| #define RETSIGTYPE void
| #define SIGRETURN return
| #define HAVE_SIGCONTEXT 1
| #define HAVE_BCMP 1
| #define HAVE_FCHDIR 1
| #define HAVE_FCHOWN 1
| #define HAVE_FSYNC 1
| #define HAVE_GETCWD 1
| #define HAVE_GETPWENT 1
| #define HAVE_GETPWNAM 1
| #define HAVE_GETPWUID 1
| #define HAVE_GETRLIMIT 1
| #define HAVE_GETTIMEOFDAY 1
| #define HAVE_GETWD 1
| #define HAVE_LSTAT 1
| #define HAVE_MEMCMP 1
| #define HAVE_MEMSET 1
| #define HAVE_MKDTEMP 1
| #define HAVE_NANOSLEEP 1
| #define HAVE_OPENDIR 1
| #define HAVE_PUTENV 1
| #define HAVE_QSORT 1
| #define HAVE_READLINK 1
| #define HAVE_SELECT 1
| #define HAVE_SETENV 1
| #define HAVE_SETPGID 1
| #define HAVE_SETSID 1
| #define HAVE_SIGALTSTACK 1
| #define HAVE_SIGSTACK 1
| #define HAVE_SIGSET 1
| #define HAVE_SIGACTION 1
| #define HAVE_SIGVEC 1
| #define HAVE_STRCASECMP 1
| #define HAVE_STRERROR 1
| #define HAVE_STRFTIME 1
| #define HAVE_STRNCASECMP 1
| #define HAVE_STRPBRK 1
| #define HAVE_STRTOL 1
| #define HAVE_TGETENT 1
| #define HAVE_TOWLOWER 1
| #define HAVE_TOWUPPER 1
| #define HAVE_ISWUPPER 1
| #define HAVE_USLEEP 1
| #define HAVE_UTIME 1
| #define HAVE_UTIMES 1
| #define HAVE_FSEEKO 1
| #define HAVE_ST_BLKSIZE 1
| #define HAVE_ICONV 1
| #define HAVE_NL_LANGINFO_CODESET 1
| #define HAVE_LIBM 1
| #define HAVE_FLOAT_FUNCS 1
| /* end confdefs.h.  */
| 
| #ifdef HAVE_SYS_ACL_H
| # include <sys/acl.h>
| #endif
| int
| main ()
| {
| acl("foo", GETACLCNT, 0, NULL);
| 
|   ;
|   return 0;
| }
configure:11876: result: no
configure:11884: checking for AIX ACL support
configure:11916: gcc -o conftest -g -O2  -L.  -rdynamic -Wl,-export-dynamic -Wl,-E -Wl,-rpath,/usr/lib64/perl5/5.8.8/x86_64-linux-thread-multi/CORE   -L/usr/local/lib conftest.c -lm -lncurses -lnsl  -lselinux  >&5
conftest.c: In function 'main':
conftest.c:140: error: invalid application of 'sizeof' to incomplete type 'struct acl' 
conftest.c:142: error: 'STX_NORMAL' undeclared (first use in this function)
conftest.c:142: error: (Each undeclared identifier is reported only once
conftest.c:142: error: for each function it appears in.)
configure:11916: $? = 1
configure: failed program was:
| /* confdefs.h */
| #define PACKAGE_NAME ""
| #define PACKAGE_TARNAME ""
| #define PACKAGE_VERSION ""
| #define PACKAGE_STRING ""
| #define PACKAGE_BUGREPORT ""
| #define PACKAGE_URL ""
| #define UNIX 1
| #define STDC_HEADERS 1
| #define HAVE_SYS_WAIT_H 1
| #define HAVE_SELINUX 1
| #define FEAT_HUGE 1
| #define USE_XSMP_INTERACT 1
| #define FEAT_PERL 1
| #define FEAT_PYTHON 1
| #define FEAT_RUBY 1
| #define HAVE_LIBNSL 1
| #define FEAT_NETBEANS_INTG 1
| #define X_DISPLAY_MISSING 1
| #define HAVE_DATE_TIME 1
| #define HAVE_ATTRIBUTE_UNUSED 1
| #define HAVE_DIRENT_H 1
| #define HAVE_STDARG_H 1
| #define HAVE_STDINT_H 1
| #define HAVE_STDLIB_H 1
| #define HAVE_STRING_H 1
| #define HAVE_SYS_SELECT_H 1
| #define HAVE_SYS_UTSNAME_H 1
| #define HAVE_TERMCAP_H 1
| #define HAVE_FCNTL_H 1
| #define HAVE_SGTTY_H 1
| #define HAVE_SYS_IOCTL_H 1
| #define HAVE_SYS_TIME_H 1
| #define HAVE_SYS_TYPES_H 1
| #define HAVE_TERMIO_H 1
| #define HAVE_ICONV_H 1
| #define HAVE_INTTYPES_H 1
| #define HAVE_LANGINFO_H 1
| #define HAVE_MATH_H 1
| #define HAVE_UNISTD_H 1
| #define HAVE_STROPTS_H 1
| #define HAVE_ERRNO_H 1
| #define HAVE_SYS_RESOURCE_H 1
| #define HAVE_LOCALE_H 1
| #define HAVE_TERMIOS_H 1
| #define HAVE_SYS_STATFS_H 1
| #define HAVE_POLL_H 1
| #define HAVE_SYS_POLL_H 1
| #define HAVE_PWD_H 1
| #define HAVE_UTIME_H 1
| #define HAVE_SYS_PARAM_H 1
| #define HAVE_LIBINTL_H 1
| #define HAVE_LIBGEN_H 1
| #define HAVE_SYS_SYSINFO_H 1
| #define HAVE_WCHAR_H 1
| #define HAVE_WCTYPE_H 1
| #define HAVE_SYS_SYSCTL_H 1
| #define HAVE_STRINGS_H 1
| #define TIME_WITH_SYS_TIME 1
| #define HAVE_LIBNCURSES 1
| #define TERMINFO 1
| #define TGETENT_ZERO_ERR 0
| #define HAVE_OSPEED 1
| #define HAVE_UP_BC_PC 1
| #define HAVE_OUTFUNTYPE 1
| #define SYS_SELECT_WITH_SYS_TIME 1
| #define HAVE_SVR4_PTYS 1
| #define RETSIGTYPE void
| #define SIGRETURN return
| #define HAVE_SIGCONTEXT 1
| #define HAVE_BCMP 1
| #define HAVE_FCHDIR 1
| #define HAVE_FCHOWN 1
| #define HAVE_FSYNC 1
| #define HAVE_GETCWD 1
| #define HAVE_GETPWENT 1
| #define HAVE_GETPWNAM 1
| #define HAVE_GETPWUID 1
| #define HAVE_GETRLIMIT 1
| #define HAVE_GETTIMEOFDAY 1
| #define HAVE_GETWD 1
| #define HAVE_LSTAT 1
| #define HAVE_MEMCMP 1
| #define HAVE_MEMSET 1
| #define HAVE_MKDTEMP 1
| #define HAVE_NANOSLEEP 1
| #define HAVE_OPENDIR 1
| #define HAVE_PUTENV 1
| #define HAVE_QSORT 1
| #define HAVE_READLINK 1
| #define HAVE_SELECT 1
| #define HAVE_SETENV 1
| #define HAVE_SETPGID 1
| #define HAVE_SETSID 1
| #define HAVE_SIGALTSTACK 1
| #define HAVE_SIGSTACK 1
| #define HAVE_SIGSET 1
| #define HAVE_SIGACTION 1
| #define HAVE_SIGVEC 1
| #define HAVE_STRCASECMP 1
| #define HAVE_STRERROR 1
| #define HAVE_STRFTIME 1
| #define HAVE_STRNCASECMP 1
| #define HAVE_STRPBRK 1
| #define HAVE_STRTOL 1
| #define HAVE_TGETENT 1
| #define HAVE_TOWLOWER 1
| #define HAVE_TOWUPPER 1
| #define HAVE_ISWUPPER 1
| #define HAVE_USLEEP 1
| #define HAVE_UTIME 1
| #define HAVE_UTIMES 1
| #define HAVE_FSEEKO 1
| #define HAVE_ST_BLKSIZE 1
| #define HAVE_ICONV 1
| #define HAVE_NL_LANGINFO_CODESET 1
| #define HAVE_LIBM 1
| #define HAVE_FLOAT_FUNCS 1
| /* end confdefs.h.  */
| 
| #if STDC_HEADERS
| # include <stdlib.h>
| # include <stddef.h>
| #endif
| #ifdef HAVE_SYS_ACL_H
| # include <sys/acl.h>
| #endif
| #ifdef HAVE_SYS_ACCESS_H
| # include <sys/access.h>
| #endif
| #define _ALL_SOURCE
| 
| #include <sys/stat.h>
| 
| int aclsize;
| struct acl *aclent;
| int
| main ()
| {
| aclsize = sizeof(struct acl);
| 	aclent = (void *)malloc(aclsize);
| 	statacl("foo", STX_NORMAL, aclent, aclsize);
| 
|   ;
|   return 0;
| }
configure:11921: result: no
configure:11931: checking --disable-gpm argument
configure:11942: result: no
configure:11944: checking for gpm
configure:11972: result: no
configure:11984: checking --disable-sysmouse argument
configure:11995: result: no
configure:11997: checking for sysmouse
configure:12028: result: no
configure:12039: checking for FD_CLOEXEC
configure:12054: gcc -c -g -O2  conftest.c >&5
configure:12054: $? = 0
configure:12055: result: yes
configure:12064: checking for rename
configure:12077: gcc -o conftest -g -O2  -L.  -rdynamic -Wl,-export-dynamic -Wl,-E -Wl,-rpath,/usr/lib64/perl5/5.8.8/x86_64-linux-thread-multi/CORE   -L/usr/local/lib conftest.c -lm -lncurses -lnsl  -lselinux  >&5
configure:12077: $? = 0
configure:12078: result: yes
configure:12088: checking for sysctl
configure:12109: gcc -c -g -O2  conftest.c >&5
conftest.c: In function 'main':
conftest.c:130: error: 'CTL_HW' undeclared (first use in this function)
conftest.c:130: error: (Each undeclared identifier is reported only once
conftest.c:130: error: for each function it appears in.)
conftest.c:131: error: 'HW_USERMEM' undeclared (first use in this function)
configure:12109: $? = 1
configure: failed program was:
| /* confdefs.h */
| #define PACKAGE_NAME ""
| #define PACKAGE_TARNAME ""
| #define PACKAGE_VERSION ""
| #define PACKAGE_STRING ""
| #define PACKAGE_BUGREPORT ""
| #define PACKAGE_URL ""
| #define UNIX 1
| #define STDC_HEADERS 1
| #define HAVE_SYS_WAIT_H 1
| #define HAVE_SELINUX 1
| #define FEAT_HUGE 1
| #define USE_XSMP_INTERACT 1
| #define FEAT_PERL 1
| #define FEAT_PYTHON 1
| #define FEAT_RUBY 1
| #define HAVE_LIBNSL 1
| #define FEAT_NETBEANS_INTG 1
| #define X_DISPLAY_MISSING 1
| #define HAVE_DATE_TIME 1
| #define HAVE_ATTRIBUTE_UNUSED 1
| #define HAVE_DIRENT_H 1
| #define HAVE_STDARG_H 1
| #define HAVE_STDINT_H 1
| #define HAVE_STDLIB_H 1
| #define HAVE_STRING_H 1
| #define HAVE_SYS_SELECT_H 1
| #define HAVE_SYS_UTSNAME_H 1
| #define HAVE_TERMCAP_H 1
| #define HAVE_FCNTL_H 1
| #define HAVE_SGTTY_H 1
| #define HAVE_SYS_IOCTL_H 1
| #define HAVE_SYS_TIME_H 1
| #define HAVE_SYS_TYPES_H 1
| #define HAVE_TERMIO_H 1
| #define HAVE_ICONV_H 1
| #define HAVE_INTTYPES_H 1
| #define HAVE_LANGINFO_H 1
| #define HAVE_MATH_H 1
| #define HAVE_UNISTD_H 1
| #define HAVE_STROPTS_H 1
| #define HAVE_ERRNO_H 1
| #define HAVE_SYS_RESOURCE_H 1
| #define HAVE_LOCALE_H 1
| #define HAVE_TERMIOS_H 1
| #define HAVE_SYS_STATFS_H 1
| #define HAVE_POLL_H 1
| #define HAVE_SYS_POLL_H 1
| #define HAVE_PWD_H 1
| #define HAVE_UTIME_H 1
| #define HAVE_SYS_PARAM_H 1
| #define HAVE_LIBINTL_H 1
| #define HAVE_LIBGEN_H 1
| #define HAVE_SYS_SYSINFO_H 1
| #define HAVE_WCHAR_H 1
| #define HAVE_WCTYPE_H 1
| #define HAVE_SYS_SYSCTL_H 1
| #define HAVE_STRINGS_H 1
| #define TIME_WITH_SYS_TIME 1
| #define HAVE_LIBNCURSES 1
| #define TERMINFO 1
| #define TGETENT_ZERO_ERR 0
| #define HAVE_OSPEED 1
| #define HAVE_UP_BC_PC 1
| #define HAVE_OUTFUNTYPE 1
| #define SYS_SELECT_WITH_SYS_TIME 1
| #define HAVE_SVR4_PTYS 1
| #define RETSIGTYPE void
| #define SIGRETURN return
| #define HAVE_SIGCONTEXT 1
| #define HAVE_BCMP 1
| #define HAVE_FCHDIR 1
| #define HAVE_FCHOWN 1
| #define HAVE_FSYNC 1
| #define HAVE_GETCWD 1
| #define HAVE_GETPWENT 1
| #define HAVE_GETPWNAM 1
| #define HAVE_GETPWUID 1
| #define HAVE_GETRLIMIT 1
| #define HAVE_GETTIMEOFDAY 1
| #define HAVE_GETWD 1
| #define HAVE_LSTAT 1
| #define HAVE_MEMCMP 1
| #define HAVE_MEMSET 1
| #define HAVE_MKDTEMP 1
| #define HAVE_NANOSLEEP 1
| #define HAVE_OPENDIR 1
| #define HAVE_PUTENV 1
| #define HAVE_QSORT 1
| #define HAVE_READLINK 1
| #define HAVE_SELECT 1
| #define HAVE_SETENV 1
| #define HAVE_SETPGID 1
| #define HAVE_SETSID 1
| #define HAVE_SIGALTSTACK 1
| #define HAVE_SIGSTACK 1
| #define HAVE_SIGSET 1
| #define HAVE_SIGACTION 1
| #define HAVE_SIGVEC 1
| #define HAVE_STRCASECMP 1
| #define HAVE_STRERROR 1
| #define HAVE_STRFTIME 1
| #define HAVE_STRNCASECMP 1
| #define HAVE_STRPBRK 1
| #define HAVE_STRTOL 1
| #define HAVE_TGETENT 1
| #define HAVE_TOWLOWER 1
| #define HAVE_TOWUPPER 1
| #define HAVE_ISWUPPER 1
| #define HAVE_USLEEP 1
| #define HAVE_UTIME 1
| #define HAVE_UTIMES 1
| #define HAVE_FSEEKO 1
| #define HAVE_ST_BLKSIZE 1
| #define HAVE_ICONV 1
| #define HAVE_NL_LANGINFO_CODESET 1
| #define HAVE_LIBM 1
| #define HAVE_FLOAT_FUNCS 1
| #define HAVE_FD_CLOEXEC 1
| #define HAVE_RENAME 1
| /* end confdefs.h.  */
| #include <sys/types.h>
| #include <sys/sysctl.h>
| int
| main ()
| {
| 	int mib[2], r;
| 	size_t len;
| 
| 	mib[0] = CTL_HW;
| 	mib[1] = HW_USERMEM;
| 	len = sizeof(r);
| 	(void)sysctl(mib, 2, &r, &len, (void *)0, (size_t)0);
| 
|   ;
|   return 0;
| }
configure:12114: result: not usable
configure:12119: checking for sysinfo
configure:12138: gcc -c -g -O2  conftest.c >&5
configure:12138: $? = 0
configure:12139: result: yes
configure:12148: checking for sysinfo.mem_unit
configure:12164: gcc -c -g -O2  conftest.c >&5
configure:12164: $? = 0
configure:12165: result: yes
configure:12174: checking for sysconf
configure:12189: gcc -c -g -O2  conftest.c >&5
configure:12189: $? = 0
configure:12190: result: yes
configure:12203: checking size of int
configure:12223: result: 4
configure:12237: checking size of long
configure:12257: result: 8
configure:12271: checking size of time_t
configure:12291: result: 8
configure:12305: checking size of off_t
configure:12325: result: 8
configure:12345: checking uint32_t is 32 bits
configure:12367: gcc -o conftest -g -O2  -L.  -rdynamic -Wl,-export-dynamic -Wl,-E -Wl,-rpath,/usr/lib64/perl5/5.8.8/x86_64-linux-thread-multi/CORE   -L/usr/local/lib conftest.c -lm -lncurses -lnsl  -lselinux  >&5
conftest.c: In function 'main':
conftest.c:141: warning: incompatible implicit declaration of built-in function 'exit'
configure:12367: $? = 0
configure:12367: ./conftest
configure:12367: $? = 0
configure:12368: result: ok
configure:12401: checking whether memmove handles overlaps
configure:12431: result: yes
configure:12576: checking for _xpg4_setrunelocale in -lxpg4
configure:12610: result: no
configure:12617: checking how to create tags
Exuberant Ctags 5.6, Copyright (C) 1996-2004 Darren Hiebert
configure:12637: result: ctags -I INIT+ --fields=+S
configure:12640: checking how to run man with a section nr
configure:12644: result: man -s
configure:12651: checking --disable-nls argument
configure:12662: result: no
configure:12672: checking for msgfmt
configure:12699: result: msgfmt
configure:12707: checking for NLS
configure:12725: gcc -o conftest -g -O2  -L.  -rdynamic -Wl,-export-dynamic -Wl,-E -Wl,-rpath,/usr/lib64/perl5/5.8.8/x86_64-linux-thread-multi/CORE   -L/usr/local/lib conftest.c  >&5
configure:12725: $? = 0
configure:12726: result: gettext() works
configure:12766: checking for bind_textdomain_codeset
configure:12766: result: yes
configure:12775: checking for _nl_msg_cat_cntr
configure:12789: gcc -o conftest -g -O2  -L.  -rdynamic -Wl,-export-dynamic -Wl,-E -Wl,-rpath,/usr/lib64/perl5/5.8.8/x86_64-linux-thread-multi/CORE   -L/usr/local/lib conftest.c -lm -lncurses -lnsl  -lselinux  >&5
configure:12789: $? = 0
configure:12790: result: yes
configure:12809: checking for dlfcn.h
configure:12809: result: yes
configure:12826: checking for dlopen()
configure:12842: gcc -o conftest -g -O2  -L.  -rdynamic -Wl,-export-dynamic -Wl,-E -Wl,-rpath,/usr/lib64/perl5/5.8.8/x86_64-linux-thread-multi/CORE   -L/usr/local/lib conftest.c -lm -lncurses -lnsl  -lselinux  >&5
configure:12842: $? = 0
configure:12843: result: yes
configure:12885: checking for dlsym()
configure:12901: gcc -o conftest -g -O2  -L.  -rdynamic -Wl,-export-dynamic -Wl,-E -Wl,-rpath,/usr/lib64/perl5/5.8.8/x86_64-linux-thread-multi/CORE   -L/usr/local/lib conftest.c -lm -lncurses -lnsl  -lselinux  >&5
configure:12901: $? = 0
configure:12902: result: yes
configure:13010: checking for setjmp.h
configure:13010: result: yes
configure:13050: checking for GCC 3 or later
configure:13055: result: yes
configure:13061: checking whether we need -D_FORTIFY_SOURCE=1
configure:13065: result: yes
configure:13074: checking linker --as-needed support
configure:13083: result: yes
configure:13201: creating auto/config.status

## ---------------------- ##
## Running config.status. ##
## ---------------------- ##

This file was extended by config.status, which was
generated by GNU Autoconf 2.65.  Invocation command line was

  CONFIG_FILES    = 
  CONFIG_HEADERS  = 
  CONFIG_LINKS    = 
  CONFIG_COMMANDS = 
  $ auto/config.status 

on jung2poom.cafe24.com

config.status:1027: creating auto/config.mk
config.status:1027: creating auto/config.h
config.status:1188: auto/config.h is unchanged

## ---------------- ##
## Cache variables. ##
## ---------------- ##

ac_cv_c_bigendian=no
ac_cv_c_compiler_gnu=yes
ac_cv_c_const=yes
ac_cv_c_uint32_t=yes
ac_cv_c_volatile=yes
ac_cv_env_CC_set=
ac_cv_env_CC_value=
ac_cv_env_CFLAGS_set=
ac_cv_env_CFLAGS_value=
ac_cv_env_CPPFLAGS_set=
ac_cv_env_CPPFLAGS_value=
ac_cv_env_CPP_set=
ac_cv_env_CPP_value=
ac_cv_env_LDFLAGS_set=
ac_cv_env_LDFLAGS_value=
ac_cv_env_LIBS_set=
ac_cv_env_LIBS_value=
ac_cv_env_XMKMF_set=
ac_cv_env_XMKMF_value=
ac_cv_env_build_alias_set=
ac_cv_env_build_alias_value=
ac_cv_env_host_alias_set=
ac_cv_env_host_alias_value=
ac_cv_env_target_alias_set=
ac_cv_env_target_alias_value=
ac_cv_func_bcmp=yes
ac_cv_func_bind_textdomain_codeset=yes
ac_cv_func_fchdir=yes
ac_cv_func_fchown=yes
ac_cv_func_fsync=yes
ac_cv_func_getcwd=yes
ac_cv_func_getpseudotty=no
ac_cv_func_getpwent=yes
ac_cv_func_getpwnam=yes
ac_cv_func_getpwuid=yes
ac_cv_func_getrlimit=yes
ac_cv_func_gettimeofday=yes
ac_cv_func_getwd=yes
ac_cv_func_iswupper=yes
ac_cv_func_lstat=yes
ac_cv_func_memcmp=yes
ac_cv_func_memset=yes
ac_cv_func_mkdtemp=yes
ac_cv_func_nanosleep=yes
ac_cv_func_opendir=yes
ac_cv_func_putenv=yes
ac_cv_func_qsort=yes
ac_cv_func_readlink=yes
ac_cv_func_select=yes
ac_cv_func_setenv=yes
ac_cv_func_setpgid=yes
ac_cv_func_setsid=yes
ac_cv_func_sigaction=yes
ac_cv_func_sigaltstack=yes
ac_cv_func_sigset=yes
ac_cv_func_sigsetjmp=no
ac_cv_func_sigstack=yes
ac_cv_func_sigvec=yes
ac_cv_func_strcasecmp=yes
ac_cv_func_strerror=yes
ac_cv_func_strftime=yes
ac_cv_func_stricmp=no
ac_cv_func_strncasecmp=yes
ac_cv_func_strnicmp=no
ac_cv_func_strpbrk=yes
ac_cv_func_strtol=yes
ac_cv_func_tgetent=yes
ac_cv_func_towlower=yes
ac_cv_func_towupper=yes
ac_cv_func_usleep=yes
ac_cv_func_utime=yes
ac_cv_func_utimes=yes
ac_cv_have_x=have_x=no
ac_cv_header_AvailabilityMacros_h=no
ac_cv_header_X11_SM_SMlib_h=no
ac_cv_header_dirent_dirent_h=yes
ac_cv_header_dlfcn_h=yes
ac_cv_header_elf_h=yes
ac_cv_header_errno_h=yes
ac_cv_header_fcntl_h=yes
ac_cv_header_frame_h=no
ac_cv_header_iconv_h=yes
ac_cv_header_inttypes_h=yes
ac_cv_header_langinfo_h=yes
ac_cv_header_libc_h=no
ac_cv_header_libgen_h=yes
ac_cv_header_libintl_h=yes
ac_cv_header_locale_h=yes
ac_cv_header_math_h=yes
ac_cv_header_poll_h=yes
ac_cv_header_pwd_h=yes
ac_cv_header_setjmp_h=yes
ac_cv_header_sgtty_h=yes
ac_cv_header_stdarg_h=yes
ac_cv_header_stdc=yes
ac_cv_header_stdint_h=yes
ac_cv_header_stdlib_h=yes
ac_cv_header_string_h=yes
ac_cv_header_strings_h=yes
ac_cv_header_stropts_h=yes
ac_cv_header_sys_access_h=no
ac_cv_header_sys_acl_h=no
ac_cv_header_sys_ioctl_h=yes
ac_cv_header_sys_param_h=yes
ac_cv_header_sys_poll_h=yes
ac_cv_header_sys_ptem_h=no
ac_cv_header_sys_resource_h=yes
ac_cv_header_sys_select_h=yes
ac_cv_header_sys_statfs_h=yes
ac_cv_header_sys_stream_h=no
ac_cv_header_sys_sysctl_h=yes
ac_cv_header_sys_sysinfo_h=yes
ac_cv_header_sys_systeminfo_h=no
ac_cv_header_sys_time_h=yes
ac_cv_header_sys_types_h=yes
ac_cv_header_sys_utsname_h=yes
ac_cv_header_sys_wait_h=yes
ac_cv_header_termcap_h=yes
ac_cv_header_termio_h=yes
ac_cv_header_termios_h=yes
ac_cv_header_time=yes
ac_cv_header_unistd_h=yes
ac_cv_header_util_debug_h=no
ac_cv_header_util_msg18n_h=no
ac_cv_header_utime_h=yes
ac_cv_header_wchar_h=yes
ac_cv_header_wctype_h=yes
ac_cv_lib_acl_acl_get_file=no
ac_cv_lib_elf_main=no
ac_cv_lib_m_strtod=yes
ac_cv_lib_ncurses___tgetent=yes
ac_cv_lib_nsl_gethostbyname=yes
ac_cv_lib_posix1e_acl_get_file=no
ac_cv_lib_sec_acl_get=no
ac_cv_lib_selinux_is_selinux_enabled=yes
ac_cv_lib_socket_socket=no
ac_cv_lib_tinfo___tgetent=no
ac_cv_lib_xpg4__xpg4_setrunelocale=no
ac_cv_objext=o
ac_cv_path_EGREP='/bin/grep -E'
ac_cv_path_GREP=/bin/grep
ac_cv_path_vi_cv_path_perl=/usr/bin/perl
ac_cv_path_vi_cv_path_python=/usr/bin/python2
ac_cv_path_vi_cv_path_ruby=/user/hongs/.rvm/rubies/ruby-1.9.3-p545/bin/ruby
ac_cv_path_xmkmfpath=/usr/bin/xmkmf
ac_cv_prog_AWK=gawk
ac_cv_prog_CPP='gcc -E'
ac_cv_prog_MSGFMT=msgfmt
ac_cv_prog_STRIP=strip
ac_cv_prog_ac_ct_CC=gcc
ac_cv_prog_cc_c89=
ac_cv_prog_cc_g=yes
ac_cv_prog_gcc_traditional=no
ac_cv_prog_make_make_set=yes
ac_cv_search_opendir='none required'
ac_cv_search_strerror='none required'
ac_cv_sizeof_int=4
ac_cv_sizeof_long=8
ac_cv_sizeof_off_t=8
ac_cv_sizeof_time_t=8
ac_cv_sys_file_offset_bits=no
ac_cv_sys_largefile_CC=no
ac_cv_sys_largefile_source=no
ac_cv_type_dev_t=yes
ac_cv_type_ino_t=yes
ac_cv_type_mode_t=yes
ac_cv_type_off_t=yes
ac_cv_type_pid_t=yes
ac_cv_type_rlim_t=yes
ac_cv_type_signal=void
ac_cv_type_size_t=yes
ac_cv_type_stack_t=yes
ac_cv_type_uid_t=yes
cf_cv_ebcdic=no
vi_cv_have_gpm=no
vi_cv_have_sysmouse=no
vi_cv_path_perl=/usr/bin/perl
vi_cv_path_python=/usr/bin/python2
vi_cv_path_python_conf=/usr/lib64/python2.4/config
vi_cv_path_python_epfx=/usr
vi_cv_path_python_pfx=/usr
vi_cv_path_python_plibs='-L/usr/lib64/python2.4/config -lpython2.4 -lpthread -ldl -lutil -lm -Xlinker -export-dynamic'
vi_cv_path_pythonpath=:/usr/lib64/python24.zip:/usr/lib64/python2.4:/usr/lib64/python2.4/plat-linux2:/usr/lib64/python2.4/lib-tk:/usr/lib64/python2.4/lib-dynload:/usr/lib64/python2.4/site-packages:/usr/lib64/python2.4/site-packages/Numeric:/usr/lib64/python2.4/site-packages/gtk-2.0:/usr/lib/python2.4/site-packages
vi_cv_path_ruby=/user/hongs/.rvm/rubies/ruby-1.9.3-p545/bin/ruby
vi_cv_perllib=/usr/lib/perl5/5.8.8
vi_cv_var_python_version=2.4
vim_cv_getcwd_broken=no
vim_cv_memmove_handles_overlap=yes
vim_cv_stat_ignores_slash=no
vim_cv_terminfo=yes
vim_cv_tgent=zero
vim_cv_toupper_broken=no
vim_cv_tty_group=world

## ----------------- ##
## Output variables. ##
## ----------------- ##

AWK='gawk'
CC='gcc'
CFLAGS='-g -O2 -U_FORTIFY_SOURCE -D_FORTIFY_SOURCE=1'
CPP='gcc -E'
CPPFLAGS=''
CPP_MM='M'
DEFS='-DHAVE_CONFIG_H'
DEPEND_CFLAGS_FILTER='| sed '\''s+-I */+-isystem /+g'\'''
ECHO_C=''
ECHO_N='-n'
ECHO_T=''
EGREP='/bin/grep -E'
EXEEXT=''
EXNAME='ex'
GNOME_INCLUDEDIR=''
GNOME_LIBDIR=''
GNOME_LIBS=''
GREP='/bin/grep'
GTK_CFLAGS=''
GTK_LIBNAME=''
GTK_LIBS=''
GUITYPE='NONE'
GUI_INC_LOC=''
GUI_LIB_LOC=''
GUI_X_LIBS=''
HANGULIN_OBJ=''
HANGULIN_SRC=''
INSTALL_LANGS='install-languages'
INSTALL_TOOL_LANGS='install-tool-languages'
LDFLAGS='-L.  -rdynamic -Wl,-export-dynamic -Wl,-E -Wl,-rpath,/usr/lib64/perl5/5.8.8/x86_64-linux-thread-multi/CORE   -L/usr/local/lib -Wl,--as-needed'
LIBOBJS=''
LIBS='-lm -lncurses -lnsl  -lselinux '
LINK_AS_NEEDED='yes'
LTLIBOBJS=''
LUA_CFLAGS=''
LUA_LIBS=''
LUA_OBJ=''
LUA_PRO=''
LUA_SRC=''
MAKEMO='yes'
MOTIF_LIBNAME=''
MSGFMT='msgfmt'
MZSCHEME_CFLAGS=''
MZSCHEME_EXTRA=''
MZSCHEME_LIBS=''
MZSCHEME_MZC=''
MZSCHEME_OBJ=''
MZSCHEME_PRO=''
MZSCHEME_SRC=''
NARROW_PROTO=''
NETBEANS_OBJ='objects/netbeans.o'
NETBEANS_SRC='netbeans.c'
OBJEXT='o'
OS_EXTRA_OBJ=''
OS_EXTRA_SRC=''
PACKAGE_BUGREPORT=''
PACKAGE_NAME=''
PACKAGE_STRING=''
PACKAGE_TARNAME=''
PACKAGE_URL=''
PACKAGE_VERSION=''
PATH_SEPARATOR=':'
PERL_CFLAGS=' -D_REENTRANT -D_GNU_SOURCE   -I/usr/local/include -D_LARGEFILE_SOURCE -D_FILE_OFFSET_BITS=64 -I/usr/include/gdbm  -I/usr/lib64/perl5/5.8.8/x86_64-linux-thread-multi/CORE '
PERL_LIBS='-Wl,-E -Wl,-rpath,/usr/lib64/perl5/5.8.8/x86_64-linux-thread-multi/CORE  /usr/lib64/perl5/5.8.8/x86_64-linux-thread-multi/auto/DynaLoader/DynaLoader.a -L/usr/lib64/perl5/5.8.8/x86_64-linux-thread-multi/CORE -lperl -lresolv -lnsl -ldl -lm -lcrypt -lutil -lpthread -lc'
PERL_OBJ='objects/if_perl.o objects/if_perlsfio.o'
PERL_PRO='if_perl.pro if_perlsfio.pro'
PERL_SRC='auto/if_perl.c if_perlsfio.c'
PKG_CONFIG=''
PYTHON3_CFLAGS=''
PYTHON3_CONFDIR=''
PYTHON3_LIBS=''
PYTHON3_OBJ=''
PYTHON3_SRC=''
PYTHON_CFLAGS='-I/usr/include/python2.4 -DPYTHON_HOME='\''"/usr"'\'' -pthread -fPIE'
PYTHON_CONFDIR='/usr/lib64/python2.4/config'
PYTHON_GETPATH_CFLAGS='-DPYTHONPATH='\''":/usr/lib64/python24.zip:/usr/lib64/python2.4:/usr/lib64/python2.4/plat-linux2:/usr/lib64/python2.4/lib-tk:/usr/lib64/python2.4/lib-dynload:/usr/lib64/python2.4/site-packages:/usr/lib64/python2.4/site-packages/Numeric:/usr/lib64/python2.4/site-packages/gtk-2.0:/usr/lib/python2.4/site-packages"'\'' -DPREFIX='\''"/usr"'\'' -DEXEC_PREFIX='\''"/usr"'\'''
PYTHON_LIBS='-L/usr/lib64/python2.4/config -lpython2.4 -lpthread -ldl -lutil -lm -Xlinker -export-dynamic'
PYTHON_OBJ='objects/if_python.o'
PYTHON_SRC='if_python.c'
QUOTESED='sed -e '\''s/[\\"]/\\&/g'\'' -e '\''s/\\"/"/'\'' -e '\''s/\\";$$/";/'\'''
RUBY_CFLAGS='-I/user/hongs/.rvm/rubies/ruby-1.9.3-p545/include/ruby-1.9.1 -I/user/hongs/.rvm/rubies/ruby-1.9.3-p545/include/ruby-1.9.1/x86_64-linux -DRUBY_VERSION=19'
RUBY_LIBS='-Wl,-R -Wl,/user/hongs/.rvm/rubies/ruby-1.9.3-p545/lib -L/user/hongs/.rvm/rubies/ruby-1.9.3-p545/lib -lruby -lpthread -lrt -ldl -lcrypt -lm  -L/user/hongs/.rvm/rubies/ruby-1.9.3-p545/lib'
RUBY_OBJ='objects/if_ruby.o'
RUBY_PRO='if_ruby.pro'
RUBY_SRC='if_ruby.c'
SET_MAKE=''
SHELL='/bin/sh'
SNIFF_OBJ=''
SNIFF_SRC=''
STRIP='strip'
TAGPRG='ctags -I INIT+ --fields=+S'
TCL_CFLAGS=''
TCL_LIBS=''
TCL_OBJ=''
TCL_PRO=''
TCL_SRC=''
VIEWNAME='view'
VIMNAME='vim'
WORKSHOP_OBJ=''
WORKSHOP_SRC=''
XCODE_SELECT=''
XMKMF=''
X_CFLAGS=' '
X_EXTRA_LIBS=''
X_LIB=''
X_LIBS=' '
X_PRE_LIBS=''
ac_ct_CC='gcc'
bindir='${exec_prefix}/bin'
build_alias=''
compiledby=''
datadir='${datarootdir}'
datarootdir='${prefix}/share'
docdir='${datarootdir}/doc/${PACKAGE}'
dogvimdiff='installgvimdiff'
dovimdiff='installvimdiff'
dvidir='${docdir}'
exec_prefix='${prefix}'
host_alias=''
htmldir='${docdir}'
includedir='${prefix}/include'
infodir='${datarootdir}/info'
libdir='${exec_prefix}/lib'
libexecdir='${exec_prefix}/libexec'
line_break='"\\012"'
localedir='${datarootdir}/locale'
localstatedir='${prefix}/var'
mandir='${datarootdir}/man'
oldincludedir='/usr/include'
pdfdir='${docdir}'
prefix='/usr/local'
program_transform_name='s,x,x,'
psdir='${docdir}'
sbindir='${exec_prefix}/sbin'
sharedstatedir='${prefix}/com'
shrpenv=''
sysconfdir='${prefix}/etc'
target_alias=''
vi_cv_path_lua=''
vi_cv_path_luajit=''
vi_cv_path_mzscheme=''
vi_cv_path_perl='/usr/bin/perl'
vi_cv_path_plain_lua=''
vi_cv_path_python3=''
vi_cv_path_python='/usr/bin/python2'
vi_cv_path_ruby='/user/hongs/.rvm/rubies/ruby-1.9.3-p545/bin/ruby'
vi_cv_path_tcl=''
vi_cv_perllib='/usr/lib/perl5/5.8.8'
xmkmfpath='/usr/bin/xmkmf'

## ----------- ##
## confdefs.h. ##
## ----------- ##

/* confdefs.h */
#define PACKAGE_NAME ""
#define PACKAGE_TARNAME ""
#define PACKAGE_VERSION ""
#define PACKAGE_STRING ""
#define PACKAGE_BUGREPORT ""
#define PACKAGE_URL ""
#define UNIX 1
#define STDC_HEADERS 1
#define HAVE_SYS_WAIT_H 1
#define HAVE_SELINUX 1
#define FEAT_HUGE 1
#define USE_XSMP_INTERACT 1
#define FEAT_PERL 1
#define FEAT_PYTHON 1
#define FEAT_RUBY 1
#define HAVE_LIBNSL 1
#define FEAT_NETBEANS_INTG 1
#define X_DISPLAY_MISSING 1
#define HAVE_DATE_TIME 1
#define HAVE_ATTRIBUTE_UNUSED 1
#define HAVE_DIRENT_H 1
#define HAVE_STDARG_H 1
#define HAVE_STDINT_H 1
#define HAVE_STDLIB_H 1
#define HAVE_STRING_H 1
#define HAVE_SYS_SELECT_H 1
#define HAVE_SYS_UTSNAME_H 1
#define HAVE_TERMCAP_H 1
#define HAVE_FCNTL_H 1
#define HAVE_SGTTY_H 1
#define HAVE_SYS_IOCTL_H 1
#define HAVE_SYS_TIME_H 1
#define HAVE_SYS_TYPES_H 1
#define HAVE_TERMIO_H 1
#define HAVE_ICONV_H 1
#define HAVE_INTTYPES_H 1
#define HAVE_LANGINFO_H 1
#define HAVE_MATH_H 1
#define HAVE_UNISTD_H 1
#define HAVE_STROPTS_H 1
#define HAVE_ERRNO_H 1
#define HAVE_SYS_RESOURCE_H 1
#define HAVE_LOCALE_H 1
#define HAVE_TERMIOS_H 1
#define HAVE_SYS_STATFS_H 1
#define HAVE_POLL_H 1
#define HAVE_SYS_POLL_H 1
#define HAVE_PWD_H 1
#define HAVE_UTIME_H 1
#define HAVE_SYS_PARAM_H 1
#define HAVE_LIBINTL_H 1
#define HAVE_LIBGEN_H 1
#define HAVE_SYS_SYSINFO_H 1
#define HAVE_WCHAR_H 1
#define HAVE_WCTYPE_H 1
#define HAVE_SYS_SYSCTL_H 1
#define HAVE_STRINGS_H 1
#define TIME_WITH_SYS_TIME 1
#define HAVE_LIBNCURSES 1
#define TERMINFO 1
#define TGETENT_ZERO_ERR 0
#define HAVE_OSPEED 1
#define HAVE_UP_BC_PC 1
#define HAVE_OUTFUNTYPE 1
#define SYS_SELECT_WITH_SYS_TIME 1
#define HAVE_SVR4_PTYS 1
#define RETSIGTYPE void
#define SIGRETURN return
#define HAVE_SIGCONTEXT 1
#define HAVE_BCMP 1
#define HAVE_FCHDIR 1
#define HAVE_FCHOWN 1
#define HAVE_FSYNC 1
#define HAVE_GETCWD 1
#define HAVE_GETPWENT 1
#define HAVE_GETPWNAM 1
#define HAVE_GETPWUID 1
#define HAVE_GETRLIMIT 1
#define HAVE_GETTIMEOFDAY 1
#define HAVE_GETWD 1
#define HAVE_LSTAT 1
#define HAVE_MEMCMP 1
#define HAVE_MEMSET 1
#define HAVE_MKDTEMP 1
#define HAVE_NANOSLEEP 1
#define HAVE_OPENDIR 1
#define HAVE_PUTENV 1
#define HAVE_QSORT 1
#define HAVE_READLINK 1
#define HAVE_SELECT 1
#define HAVE_SETENV 1
#define HAVE_SETPGID 1
#define HAVE_SETSID 1
#define HAVE_SIGALTSTACK 1
#define HAVE_SIGSTACK 1
#define HAVE_SIGSET 1
#define HAVE_SIGACTION 1
#define HAVE_SIGVEC 1
#define HAVE_STRCASECMP 1
#define HAVE_STRERROR 1
#define HAVE_STRFTIME 1
#define HAVE_STRNCASECMP 1
#define HAVE_STRPBRK 1
#define HAVE_STRTOL 1
#define HAVE_TGETENT 1
#define HAVE_TOWLOWER 1
#define HAVE_TOWUPPER 1
#define HAVE_ISWUPPER 1
#define HAVE_USLEEP 1
#define HAVE_UTIME 1
#define HAVE_UTIMES 1
#define HAVE_FSEEKO 1
#define HAVE_ST_BLKSIZE 1
#define HAVE_ICONV 1
#define HAVE_NL_LANGINFO_CODESET 1
#define HAVE_LIBM 1
#define HAVE_FLOAT_FUNCS 1
#define HAVE_FD_CLOEXEC 1
#define HAVE_RENAME 1
#define HAVE_SYSINFO 1
#define HAVE_SYSINFO_MEM_UNIT 1
#define HAVE_SYSCONF 1
#define SIZEOF_INT 4
#define SIZEOF_LONG 8
#define SIZEOF_TIME_T 8
#define SIZEOF_OFF_T 8
#define VIM_SIZEOF_INT 4
#define VIM_SIZEOF_LONG 8
#define USEMEMMOVE 1
#define USEMAN_S 1
#define HAVE_GETTEXT 1
#define HAVE_BIND_TEXTDOMAIN_CODESET 1
#define HAVE_NL_MSG_CAT_CNTR 1
#define HAVE_DLFCN_H 1
#define HAVE_DLOPEN 1
#define HAVE_DLSYM 1
#define HAVE_SETJMP_H 1

configure: exit 0
